{"/home/travis/build/npmtest/node-npmtest-inferno/test.js":{"path":"/home/travis/build/npmtest/node-npmtest-inferno/test.js","s":{"1":2,"2":2,"3":2,"4":2,"5":2,"6":2,"7":2,"8":1,"9":2,"10":2,"11":1,"12":1,"13":1,"14":1,"15":2,"16":2,"17":2,"18":2,"19":1,"20":1,"21":2,"22":2,"23":2,"24":1,"25":1,"26":1,"27":1,"28":1,"29":1,"30":1,"31":1,"32":1,"33":1,"34":1,"35":1,"36":1,"37":1,"38":1,"39":2,"40":2,"41":1,"42":2,"43":2,"44":1,"45":2,"46":2,"47":1,"48":2,"49":2,"50":1,"51":1,"52":1,"53":1,"54":1},"b":{"1":[2,1,1,1],"2":[1,1,1,1],"3":[1,1],"4":[1,1],"5":[1,1],"6":[1,1],"7":[1,1],"8":[1,1],"9":[1,1],"10":[1,1,1],"11":[1,1],"12":[1,1],"13":[1,1],"14":[1,1],"15":[1,1],"16":[1,1],"17":[1,1]},"f":{"1":2,"2":2,"3":2,"4":2,"5":2,"6":1,"7":1,"8":1,"9":2,"10":2,"11":2,"12":2,"13":1},"fnMap":{"1":{"name":"(anonymous_1)","line":12,"loc":{"start":{"line":12,"column":1},"end":{"line":12,"column":13}}},"2":{"name":"(anonymous_2)","line":19,"loc":{"start":{"line":19,"column":5},"end":{"line":19,"column":17}}},"3":{"name":"(anonymous_3)","line":23,"loc":{"start":{"line":23,"column":24},"end":{"line":23,"column":36}}},"4":{"name":"(anonymous_4)","line":61,"loc":{"start":{"line":61,"column":5},"end":{"line":61,"column":17}}},"5":{"name":"(anonymous_5)","line":82,"loc":{"start":{"line":82,"column":5},"end":{"line":82,"column":17}}},"6":{"name":"(anonymous_6)","line":91,"loc":{"start":{"line":91,"column":77},"end":{"line":94,"column":10}}},"7":{"name":"(anonymous_7)","line":112,"loc":{"start":{"line":112,"column":83},"end":{"line":115,"column":10}},"skip":true},"8":{"name":"(anonymous_8)","line":123,"loc":{"start":{"line":123,"column":77},"end":{"line":126,"column":10}},"skip":true},"9":{"name":"(anonymous_9)","line":139,"loc":{"start":{"line":139,"column":12},"end":{"line":139,"column":40}},"skip":true},"10":{"name":"(anonymous_10)","line":147,"loc":{"start":{"line":147,"column":77},"end":{"line":150,"column":10}},"skip":true},"11":{"name":"(anonymous_11)","line":158,"loc":{"start":{"line":158,"column":83},"end":{"line":161,"column":10}},"skip":true},"12":{"name":"(anonymous_12)","line":169,"loc":{"start":{"line":169,"column":79},"end":{"line":172,"column":10}},"skip":true},"13":{"name":"(anonymous_13)","line":180,"loc":{"start":{"line":180,"column":75},"end":{"line":183,"column":10}},"skip":true}},"statementMap":{"1":{"start":{"line":12,"column":0},"end":{"line":195,"column":5}},"2":{"start":{"line":14,"column":4},"end":{"line":14,"column":14}},"3":{"start":{"line":19,"column":4},"end":{"line":56,"column":9}},"4":{"start":{"line":21,"column":8},"end":{"line":21,"column":19}},"5":{"start":{"line":23,"column":8},"end":{"line":35,"column":13}},"6":{"start":{"line":24,"column":12},"end":{"line":34,"column":13}},"7":{"start":{"line":25,"column":16},"end":{"line":28,"column":30}},"8":{"start":{"line":30,"column":16},"end":{"line":33,"column":27}},"9":{"start":{"line":37,"column":8},"end":{"line":39,"column":21}},"10":{"start":{"line":40,"column":8},"end":{"line":53,"column":9}},"11":{"start":{"line":43,"column":12},"end":{"line":46,"column":14}},"12":{"start":{"line":47,"column":12},"end":{"line":47,"column":18}},"13":{"start":{"line":50,"column":12},"end":{"line":51,"column":46}},"14":{"start":{"line":52,"column":12},"end":{"line":52,"column":18}},"15":{"start":{"line":55,"column":8},"end":{"line":55,"column":35}},"16":{"start":{"line":61,"column":4},"end":{"line":63,"column":9}},"17":{"start":{"line":62,"column":8},"end":{"line":62,"column":15}},"18":{"start":{"line":64,"column":4},"end":{"line":77,"column":5}},"19":{"start":{"line":70,"column":8},"end":{"line":70,"column":14}},"20":{"start":{"line":76,"column":8},"end":{"line":76,"column":14}},"21":{"start":{"line":82,"column":4},"end":{"line":84,"column":9}},"22":{"start":{"line":83,"column":8},"end":{"line":83,"column":15}},"23":{"start":{"line":85,"column":4},"end":{"line":194,"column":5}},"24":{"start":{"line":91,"column":8},"end":{"line":99,"column":10}},"25":{"start":{"line":98,"column":12},"end":{"line":98,"column":35}},"26":{"start":{"line":102,"column":8},"end":{"line":104,"column":63}},"27":{"start":{"line":105,"column":8},"end":{"line":105,"column":14}},"28":{"start":{"line":112,"column":8},"end":{"line":121,"column":10},"skip":true},"29":{"start":{"line":119,"column":12},"end":{"line":119,"column":55},"skip":true},"30":{"start":{"line":120,"column":12},"end":{"line":120,"column":48},"skip":true},"31":{"start":{"line":123,"column":8},"end":{"line":136,"column":10},"skip":true},"32":{"start":{"line":130,"column":12},"end":{"line":130,"column":76},"skip":true},"33":{"start":{"line":131,"column":12},"end":{"line":131,"column":73},"skip":true},"34":{"start":{"line":132,"column":12},"end":{"line":132,"column":74},"skip":true},"35":{"start":{"line":133,"column":12},"end":{"line":133,"column":79},"skip":true},"36":{"start":{"line":134,"column":12},"end":{"line":134,"column":25},"skip":true},"37":{"start":{"line":135,"column":12},"end":{"line":135,"column":45},"skip":true},"38":{"start":{"line":138,"column":8},"end":{"line":145,"column":14},"skip":true},"39":{"start":{"line":143,"column":16},"end":{"line":143,"column":29},"skip":true},"40":{"start":{"line":144,"column":16},"end":{"line":144,"column":55},"skip":true},"41":{"start":{"line":147,"column":8},"end":{"line":156,"column":10},"skip":true},"42":{"start":{"line":154,"column":12},"end":{"line":154,"column":25},"skip":true},"43":{"start":{"line":155,"column":12},"end":{"line":155,"column":45},"skip":true},"44":{"start":{"line":158,"column":8},"end":{"line":167,"column":10},"skip":true},"45":{"start":{"line":165,"column":12},"end":{"line":165,"column":25},"skip":true},"46":{"start":{"line":166,"column":12},"end":{"line":166,"column":48},"skip":true},"47":{"start":{"line":169,"column":8},"end":{"line":178,"column":10},"skip":true},"48":{"start":{"line":176,"column":12},"end":{"line":176,"column":25},"skip":true},"49":{"start":{"line":177,"column":12},"end":{"line":177,"column":46},"skip":true},"50":{"start":{"line":180,"column":8},"end":{"line":189,"column":10},"skip":true},"51":{"start":{"line":187,"column":12},"end":{"line":187,"column":94},"skip":true},"52":{"start":{"line":188,"column":12},"end":{"line":188,"column":48},"skip":true},"53":{"start":{"line":192,"column":8},"end":{"line":192,"column":35},"skip":true},"54":{"start":{"line":193,"column":8},"end":{"line":193,"column":14},"skip":true}},"branchMap":{"1":{"line":25,"type":"binary-expr","locations":[{"start":{"line":25,"column":23},"end":{"line":25,"column":62}},{"start":{"line":26,"column":20},"end":{"line":26,"column":70}},{"start":{"line":27,"column":20},"end":{"line":27,"column":71}},{"start":{"line":28,"column":20},"end":{"line":28,"column":29}}]},"2":{"line":30,"type":"binary-expr","locations":[{"start":{"line":30,"column":23},"end":{"line":30,"column":37}},{"start":{"line":31,"column":20},"end":{"line":31,"column":61}},{"start":{"line":32,"column":20},"end":{"line":32,"column":70}},{"start":{"line":33,"column":20},"end":{"line":33,"column":26}}]},"3":{"line":37,"type":"cond-expr","locations":[{"start":{"line":38,"column":14},"end":{"line":38,"column":20}},{"start":{"line":39,"column":14},"end":{"line":39,"column":20}}]},"4":{"line":40,"type":"switch","locations":[{"start":{"line":42,"column":8},"end":{"line":47,"column":18}},{"start":{"line":49,"column":8},"end":{"line":52,"column":18}}]},"5":{"line":44,"type":"binary-expr","locations":[{"start":{"line":44,"column":16},"end":{"line":44,"column":44}},{"start":{"line":44,"column":48},"end":{"line":44,"column":66}}]},"6":{"line":50,"type":"binary-expr","locations":[{"start":{"line":50,"column":21},"end":{"line":50,"column":49}},{"start":{"line":50,"column":53},"end":{"line":50,"column":72}}]},"7":{"line":64,"type":"switch","locations":[{"start":{"line":69,"column":4},"end":{"line":70,"column":14}},{"start":{"line":75,"column":4},"end":{"line":76,"column":14}}]},"8":{"line":85,"type":"switch","locations":[{"start":{"line":90,"column":4},"end":{"line":105,"column":14}},{"start":{"line":111,"column":4},"end":{"line":193,"column":14},"skip":true}]},"9":{"line":91,"type":"binary-expr","locations":[{"start":{"line":91,"column":42},"end":{"line":91,"column":73}},{"start":{"line":91,"column":77},"end":{"line":99,"column":9}}]},"10":{"line":102,"type":"binary-expr","locations":[{"start":{"line":102,"column":18},"end":{"line":102,"column":32}},{"start":{"line":103,"column":12},"end":{"line":103,"column":53}},{"start":{"line":104,"column":12},"end":{"line":104,"column":61}}]},"11":{"line":112,"type":"binary-expr","locations":[{"start":{"line":112,"column":45},"end":{"line":112,"column":79},"skip":true},{"start":{"line":112,"column":83},"end":{"line":121,"column":9},"skip":true}]},"12":{"line":123,"type":"binary-expr","locations":[{"start":{"line":123,"column":42},"end":{"line":123,"column":73},"skip":true},{"start":{"line":123,"column":77},"end":{"line":136,"column":9},"skip":true}]},"13":{"line":138,"type":"binary-expr","locations":[{"start":{"line":138,"column":48},"end":{"line":138,"column":85},"skip":true},{"start":{"line":139,"column":12},"end":{"line":145,"column":13},"skip":true}]},"14":{"line":147,"type":"binary-expr","locations":[{"start":{"line":147,"column":42},"end":{"line":147,"column":73},"skip":true},{"start":{"line":147,"column":77},"end":{"line":156,"column":9},"skip":true}]},"15":{"line":158,"type":"binary-expr","locations":[{"start":{"line":158,"column":45},"end":{"line":158,"column":79},"skip":true},{"start":{"line":158,"column":83},"end":{"line":167,"column":9},"skip":true}]},"16":{"line":169,"type":"binary-expr","locations":[{"start":{"line":169,"column":43},"end":{"line":169,"column":75},"skip":true},{"start":{"line":169,"column":79},"end":{"line":178,"column":9},"skip":true}]},"17":{"line":180,"type":"binary-expr","locations":[{"start":{"line":180,"column":41},"end":{"line":180,"column":71},"skip":true},{"start":{"line":180,"column":75},"end":{"line":189,"column":9},"skip":true}]}},"code":["/* istanbul instrument in package npmtest_inferno */","/*jslint","    bitwise: true,","    browser: true,","    maxerr: 8,","    maxlen: 96,","    node: true,","    nomen: true,","    regexp: true,","    stupid: true","*/","(function () {","    'use strict';","    var local;","","","","    // run shared js-env code - pre-init","    (function () {","        // init local","        local = {};","        // init modeJs","        local.modeJs = (function () {","            try {","                return typeof navigator.userAgent === 'string' &&","                    typeof document.querySelector('body') === 'object' &&","                    typeof XMLHttpRequest.prototype.open === 'function' &&","                    'browser';","            } catch (errorCaughtBrowser) {","                return module.exports &&","                    typeof process.versions.node === 'string' &&","                    typeof require('http').createServer === 'function' &&","                    'node';","            }","        }());","        // init global","        local.global = local.modeJs === 'browser'","            ? window","            : global;","        switch (local.modeJs) {","        // re-init local from window.local","        case 'browser':","            local = local.global.utility2.objectSetDefault(","                local.global.utility2_rollup || local.global.local,","                local.global.utility2","            );","            break;","        // re-init local from example.js","        case 'node':","            local = (local.global.utility2_rollup || require('utility2'))","                .requireExampleJsFromReadme();","            break;","        }","        // export local","        local.global.local = local;","    }());","","","","    // run shared js-env code - function","    (function () {","        return;","    }());","    switch (local.modeJs) {","","","","    // run browser js-env code - function","    case 'browser':","        break;","","","","    // run node js-env code - function","    case 'node':","        break;","    }","","","","    // run shared js-env code - post-init","    (function () {","        return;","    }());","    switch (local.modeJs) {","","","","    // run browser js-env code - post-init","    case 'browser':","        local.testCase_browser_nullCase = local.testCase_browser_nullCase || function (","            options,","            onError","        ) {","        /*","         * this function will test browsers's null-case handling-behavior-behavior","         */","            onError(null, options);","        };","","        // run tests","        local.nop(local.modeTest &&","            document.querySelector('#testRunButton1') &&","            document.querySelector('#testRunButton1').click());","        break;","","","","    // run node js-env code - post-init","    /* istanbul ignore next */","    case 'node':","        local.testCase_buildApidoc_default = local.testCase_buildApidoc_default || function (","            options,","            onError","        ) {","        /*","         * this function will test buildApidoc's default handling-behavior-behavior","         */","            options = { modulePathList: module.paths };","            local.buildApidoc(options, onError);","        };","","        local.testCase_buildApp_default = local.testCase_buildApp_default || function (","            options,","            onError","        ) {","        /*","         * this function will test buildApp's default handling-behavior-behavior","         */","            local.testCase_buildReadme_default(options, local.onErrorThrow);","            local.testCase_buildLib_default(options, local.onErrorThrow);","            local.testCase_buildTest_default(options, local.onErrorThrow);","            local.testCase_buildCustomOrg_default(options, local.onErrorThrow);","            options = [];","            local.buildApp(options, onError);","        };","","        local.testCase_buildCustomOrg_default = local.testCase_buildCustomOrg_default ||","            function (options, onError) {","            /*","             * this function will test buildCustomOrg's default handling-behavior","             */","                options = {};","                local.buildCustomOrg(options, onError);","            };","","        local.testCase_buildLib_default = local.testCase_buildLib_default || function (","            options,","            onError","        ) {","        /*","         * this function will test buildLib's default handling-behavior","         */","            options = {};","            local.buildLib(options, onError);","        };","","        local.testCase_buildReadme_default = local.testCase_buildReadme_default || function (","            options,","            onError","        ) {","        /*","         * this function will test buildReadme's default handling-behavior-behavior","         */","            options = {};","            local.buildReadme(options, onError);","        };","","        local.testCase_buildTest_default = local.testCase_buildTest_default || function (","            options,","            onError","        ) {","        /*","         * this function will test buildTest's default handling-behavior","         */","            options = {};","            local.buildTest(options, onError);","        };","","        local.testCase_webpage_default = local.testCase_webpage_default || function (","            options,","            onError","        ) {","        /*","         * this function will test webpage's default handling-behavior","         */","            options = { modeCoverageMerge: true, url: local.serverLocalHost + '?modeTest=1' };","            local.browserTest(options, onError);","        };","","        // run test-server","        local.testRunServer(local);","        break;","    }","}());",""],"l":{"12":2,"14":2,"19":2,"21":2,"23":2,"24":2,"25":2,"30":1,"37":2,"40":2,"43":1,"47":1,"50":1,"52":1,"55":2,"61":2,"62":2,"64":2,"70":1,"76":1,"82":2,"83":2,"85":2,"91":1,"98":1,"102":1,"105":1,"112":1,"119":1,"120":1,"123":1,"130":1,"131":1,"132":1,"133":1,"134":1,"135":1,"138":1,"143":2,"144":2,"147":1,"154":2,"155":2,"158":1,"165":2,"166":2,"169":1,"176":2,"177":2,"180":1,"187":1,"188":1,"192":1,"193":1}},"/home/travis/build/npmtest/node-npmtest-inferno/lib.npmtest_inferno.js":{"path":"/home/travis/build/npmtest/node-npmtest-inferno/lib.npmtest_inferno.js","s":{"1":2,"2":2,"3":2,"4":2,"5":2,"6":2,"7":2,"8":1,"9":2,"10":2,"11":2,"12":2,"13":1,"14":1,"15":1,"16":1},"b":{"1":[2,1,1,1],"2":[1,1,1,1],"3":[1,1],"4":[2,2],"5":[1,1]},"f":{"1":2,"2":2,"3":2},"fnMap":{"1":{"name":"(anonymous_1)","line":12,"loc":{"start":{"line":12,"column":1},"end":{"line":12,"column":13}}},"2":{"name":"(anonymous_2)","line":19,"loc":{"start":{"line":19,"column":5},"end":{"line":19,"column":17}}},"3":{"name":"(anonymous_3)","line":23,"loc":{"start":{"line":23,"column":24},"end":{"line":23,"column":36}}}},"statementMap":{"1":{"start":{"line":12,"column":0},"end":{"line":53,"column":5}},"2":{"start":{"line":14,"column":4},"end":{"line":14,"column":14}},"3":{"start":{"line":19,"column":4},"end":{"line":52,"column":9}},"4":{"start":{"line":21,"column":8},"end":{"line":21,"column":19}},"5":{"start":{"line":23,"column":8},"end":{"line":35,"column":13}},"6":{"start":{"line":24,"column":12},"end":{"line":34,"column":13}},"7":{"start":{"line":25,"column":16},"end":{"line":28,"column":30}},"8":{"start":{"line":30,"column":16},"end":{"line":33,"column":27}},"9":{"start":{"line":37,"column":8},"end":{"line":39,"column":21}},"10":{"start":{"line":41,"column":8},"end":{"line":41,"column":54}},"11":{"start":{"line":43,"column":8},"end":{"line":43,"column":52}},"12":{"start":{"line":45,"column":8},"end":{"line":51,"column":9}},"13":{"start":{"line":46,"column":12},"end":{"line":46,"column":58}},"14":{"start":{"line":48,"column":12},"end":{"line":48,"column":35}},"15":{"start":{"line":49,"column":12},"end":{"line":49,"column":49}},"16":{"start":{"line":50,"column":12},"end":{"line":50,"column":43}}},"branchMap":{"1":{"line":25,"type":"binary-expr","locations":[{"start":{"line":25,"column":23},"end":{"line":25,"column":62}},{"start":{"line":26,"column":20},"end":{"line":26,"column":70}},{"start":{"line":27,"column":20},"end":{"line":27,"column":71}},{"start":{"line":28,"column":20},"end":{"line":28,"column":29}}]},"2":{"line":30,"type":"binary-expr","locations":[{"start":{"line":30,"column":23},"end":{"line":30,"column":37}},{"start":{"line":31,"column":20},"end":{"line":31,"column":61}},{"start":{"line":32,"column":20},"end":{"line":32,"column":70}},{"start":{"line":33,"column":20},"end":{"line":33,"column":26}}]},"3":{"line":37,"type":"cond-expr","locations":[{"start":{"line":38,"column":14},"end":{"line":38,"column":20}},{"start":{"line":39,"column":14},"end":{"line":39,"column":20}}]},"4":{"line":41,"type":"binary-expr","locations":[{"start":{"line":41,"column":16},"end":{"line":41,"column":44}},{"start":{"line":41,"column":48},"end":{"line":41,"column":53}}]},"5":{"line":45,"type":"if","locations":[{"start":{"line":45,"column":8},"end":{"line":45,"column":8}},{"start":{"line":45,"column":8},"end":{"line":45,"column":8}}]}},"code":["/* istanbul instrument in package npmtest_inferno */","/*jslint","    bitwise: true,","    browser: true,","    maxerr: 8,","    maxlen: 96,","    node: true,","    nomen: true,","    regexp: true,","    stupid: true","*/","(function () {","    'use strict';","    var local;","","","","    // run shared js-env code - pre-init","    (function () {","        // init local","        local = {};","        // init modeJs","        local.modeJs = (function () {","            try {","                return typeof navigator.userAgent === 'string' &&","                    typeof document.querySelector('body') === 'object' &&","                    typeof XMLHttpRequest.prototype.open === 'function' &&","                    'browser';","            } catch (errorCaughtBrowser) {","                return module.exports &&","                    typeof process.versions.node === 'string' &&","                    typeof require('http').createServer === 'function' &&","                    'node';","            }","        }());","        // init global","        local.global = local.modeJs === 'browser'","            ? window","            : global;","        // init utility2_rollup","        local = local.global.utility2_rollup || local;","        // init lib","        local.local = local.npmtest_inferno = local;","        // init exports","        if (local.modeJs === 'browser') {","            local.global.utility2_npmtest_inferno = local;","        } else {","            module.exports = local;","            module.exports.__dirname = __dirname;","            module.exports.module = module;","        }","    }());","}());",""],"l":{"12":2,"14":2,"19":2,"21":2,"23":2,"24":2,"25":2,"30":1,"37":2,"41":2,"43":2,"45":2,"46":1,"48":1,"49":1,"50":1}},"/home/travis/build/npmtest/node-npmtest-inferno/example.js":{"path":"/home/travis/build/npmtest/node-npmtest-inferno/example.js","s":{"1":2,"2":2,"3":2,"4":2,"5":2,"6":2,"7":2,"8":1,"9":2,"10":2,"11":2,"12":2,"13":1,"14":2,"15":2,"16":2,"17":2,"18":2,"19":0,"20":2,"21":1,"22":1,"23":1,"24":1,"25":1,"26":0,"27":0,"28":1,"29":1,"30":2,"31":0,"32":0,"33":0,"34":1,"35":2,"36":2,"37":3,"38":3,"39":3,"40":3,"41":0,"42":3,"43":3,"44":3,"45":1,"46":3,"47":1,"48":1,"49":1,"50":1,"51":1,"52":1,"53":1,"54":1,"55":1,"56":1,"57":0,"58":1,"59":6,"60":6,"61":1,"62":2,"63":0,"64":2,"65":1,"66":1,"67":0,"68":0,"69":0,"70":0,"71":0,"72":0,"73":0,"74":0,"75":0,"76":0,"77":0,"78":0,"79":0,"80":0,"81":0,"82":0,"83":0},"b":{"1":[2,1,1,1],"2":[1,1,1,1],"3":[1,1],"4":[2,2],"5":[1,1],"6":[1,1],"7":[2,0],"8":[2,1,1,1,1,1],"9":[0,2,0],"10":[1,1],"11":[2,1,1],"12":[1,0],"13":[0,2],"14":[2,0,0,0,0,0,0],"15":[0,3],"16":[3,0],"17":[1,1],"18":[0,1],"19":[1,2,0,2],"20":[1,0],"21":[1,1],"22":[0,0],"23":[0,0],"24":[0,0],"25":[0,0],"26":[0,0],"27":[0,0],"28":[0,0]},"f":{"1":2,"2":2,"3":2,"4":2,"5":2,"6":2,"7":3,"8":3,"9":3,"10":1,"11":6,"12":0},"fnMap":{"1":{"name":"(anonymous_1)","line":26,"loc":{"start":{"line":26,"column":1},"end":{"line":26,"column":13}}},"2":{"name":"(anonymous_2)","line":33,"loc":{"start":{"line":33,"column":5},"end":{"line":33,"column":17}}},"3":{"name":"(anonymous_3)","line":37,"loc":{"start":{"line":37,"column":24},"end":{"line":37,"column":36}}},"4":{"name":"(anonymous_4)","line":69,"loc":{"start":{"line":69,"column":31},"end":{"line":69,"column":48}},"skip":true},"5":{"name":"(anonymous_5)","line":78,"loc":{"start":{"line":78,"column":26},"end":{"line":78,"column":45}},"skip":true},"6":{"name":"(anonymous_6)","line":123,"loc":{"start":{"line":123,"column":33},"end":{"line":123,"column":48}},"skip":true},"7":{"name":"(anonymous_7)","line":125,"loc":{"start":{"line":125,"column":27},"end":{"line":125,"column":39}},"skip":true},"8":{"name":"(anonymous_8)","line":133,"loc":{"start":{"line":133,"column":59},"end":{"line":133,"column":74}},"skip":true},"9":{"name":"(anonymous_9)","line":143,"loc":{"start":{"line":143,"column":45},"end":{"line":143,"column":62}},"skip":true},"10":{"name":"(anonymous_10)","line":144,"loc":{"start":{"line":144,"column":73},"end":{"line":144,"column":92}},"skip":true},"11":{"name":"(anonymous_11)","line":272,"loc":{"start":{"line":272,"column":51},"end":{"line":272,"column":77}},"skip":true},"12":{"name":"(anonymous_12)","line":315,"loc":{"start":{"line":315,"column":32},"end":{"line":315,"column":61}},"skip":true}},"statementMap":{"1":{"start":{"line":26,"column":0},"end":{"line":326,"column":5}},"2":{"start":{"line":28,"column":4},"end":{"line":28,"column":14}},"3":{"start":{"line":33,"column":4},"end":{"line":60,"column":9}},"4":{"start":{"line":35,"column":8},"end":{"line":35,"column":19}},"5":{"start":{"line":37,"column":8},"end":{"line":49,"column":13}},"6":{"start":{"line":38,"column":12},"end":{"line":48,"column":13}},"7":{"start":{"line":39,"column":16},"end":{"line":42,"column":30}},"8":{"start":{"line":44,"column":16},"end":{"line":47,"column":27}},"9":{"start":{"line":51,"column":8},"end":{"line":53,"column":21}},"10":{"start":{"line":55,"column":8},"end":{"line":57,"column":45}},"11":{"start":{"line":59,"column":8},"end":{"line":59,"column":35}},"12":{"start":{"line":61,"column":4},"end":{"line":325,"column":5}},"13":{"start":{"line":69,"column":8},"end":{"line":121,"column":10},"skip":true},"14":{"start":{"line":70,"column":12},"end":{"line":88,"column":13},"skip":true},"15":{"start":{"line":76,"column":16},"end":{"line":87,"column":19},"skip":true},"16":{"start":{"line":79,"column":20},"end":{"line":86,"column":21},"skip":true},"17":{"start":{"line":82,"column":24},"end":{"line":82,"column":43},"skip":true},"18":{"start":{"line":83,"column":24},"end":{"line":83,"column":30},"skip":true},"19":{"start":{"line":85,"column":24},"end":{"line":85,"column":49},"skip":true},"20":{"start":{"line":89,"column":12},"end":{"line":107,"column":13},"skip":true},"21":{"start":{"line":92,"column":16},"end":{"line":102,"column":17},"skip":true},"22":{"start":{"line":93,"column":20},"end":{"line":93,"column":86},"skip":true},"23":{"start":{"line":94,"column":20},"end":{"line":95,"column":45},"skip":true},"24":{"start":{"line":96,"column":20},"end":{"line":96,"column":42},"skip":true},"25":{"start":{"line":97,"column":20},"end":{"line":97,"column":48},"skip":true},"26":{"start":{"line":100,"column":20},"end":{"line":100,"column":85},"skip":true},"27":{"start":{"line":101,"column":20},"end":{"line":101,"column":96},"skip":true},"28":{"start":{"line":103,"column":16},"end":{"line":103,"column":22},"skip":true},"29":{"start":{"line":106,"column":16},"end":{"line":106,"column":22},"skip":true},"30":{"start":{"line":108,"column":12},"end":{"line":120,"column":13},"skip":true},"31":{"start":{"line":114,"column":16},"end":{"line":119,"column":17},"skip":true},"32":{"start":{"line":116,"column":20},"end":{"line":116,"column":78},"skip":true},"33":{"start":{"line":118,"column":20},"end":{"line":118,"column":47},"skip":true},"34":{"start":{"line":123,"column":8},"end":{"line":141,"column":11},"skip":true},"35":{"start":{"line":124,"column":12},"end":{"line":124,"column":54},"skip":true},"36":{"start":{"line":125,"column":12},"end":{"line":140,"column":14},"skip":true},"37":{"start":{"line":126,"column":16},"end":{"line":126,"column":28},"skip":true},"38":{"start":{"line":127,"column":16},"end":{"line":127,"column":69},"skip":true},"39":{"start":{"line":128,"column":16},"end":{"line":128,"column":75},"skip":true},"40":{"start":{"line":129,"column":16},"end":{"line":131,"column":17},"skip":true},"41":{"start":{"line":130,"column":20},"end":{"line":130,"column":27},"skip":true},"42":{"start":{"line":133,"column":16},"end":{"line":137,"column":36},"skip":true},"43":{"start":{"line":134,"column":20},"end":{"line":136,"column":55},"skip":true},"44":{"start":{"line":139,"column":16},"end":{"line":139,"column":57},"skip":true},"45":{"start":{"line":143,"column":8},"end":{"line":147,"column":11},"skip":true},"46":{"start":{"line":144,"column":12},"end":{"line":146,"column":15},"skip":true},"47":{"start":{"line":145,"column":16},"end":{"line":145,"column":70},"skip":true},"48":{"start":{"line":149,"column":8},"end":{"line":149,"column":31},"skip":true},"49":{"start":{"line":150,"column":8},"end":{"line":150,"column":14},"skip":true},"50":{"start":{"line":158,"column":8},"end":{"line":158,"column":31},"skip":true},"51":{"start":{"line":160,"column":8},"end":{"line":160,"column":33},"skip":true},"52":{"start":{"line":161,"column":8},"end":{"line":161,"column":37},"skip":true},"53":{"start":{"line":162,"column":8},"end":{"line":162,"column":35},"skip":true},"54":{"start":{"line":164,"column":8},"end":{"line":164,"column":50},"skip":true},"55":{"start":{"line":166,"column":8},"end":{"line":256,"column":2},"skip":true},"56":{"start":{"line":258,"column":8},"end":{"line":286,"column":9},"skip":true},"57":{"start":{"line":259,"column":12},"end":{"line":269,"column":14},"skip":true},"58":{"start":{"line":271,"column":12},"end":{"line":285,"column":19},"skip":true},"59":{"start":{"line":274,"column":20},"end":{"line":274,"column":35},"skip":true},"60":{"start":{"line":275,"column":20},"end":{"line":284,"column":21},"skip":true},"61":{"start":{"line":277,"column":24},"end":{"line":277,"column":64},"skip":true},"62":{"start":{"line":279,"column":24},"end":{"line":279,"column":40},"skip":true},"63":{"start":{"line":281,"column":24},"end":{"line":281,"column":40},"skip":true},"64":{"start":{"line":283,"column":24},"end":{"line":283,"column":39},"skip":true},"65":{"start":{"line":288,"column":8},"end":{"line":290,"column":9},"skip":true},"66":{"start":{"line":289,"column":12},"end":{"line":289,"column":18},"skip":true},"67":{"start":{"line":291,"column":8},"end":{"line":293,"column":54},"skip":true},"68":{"start":{"line":296,"column":8},"end":{"line":301,"column":37},"skip":true},"69":{"start":{"line":303,"column":8},"end":{"line":303,"column":82},"skip":true},"70":{"start":{"line":306,"column":8},"end":{"line":308,"column":9},"skip":true},"71":{"start":{"line":307,"column":12},"end":{"line":307,"column":82},"skip":true},"72":{"start":{"line":310,"column":8},"end":{"line":312,"column":9},"skip":true},"73":{"start":{"line":311,"column":12},"end":{"line":311,"column":18},"skip":true},"74":{"start":{"line":313,"column":8},"end":{"line":313,"column":54},"skip":true},"75":{"start":{"line":314,"column":8},"end":{"line":314,"column":69},"skip":true},"76":{"start":{"line":315,"column":8},"end":{"line":323,"column":36},"skip":true},"77":{"start":{"line":316,"column":12},"end":{"line":316,"column":61},"skip":true},"78":{"start":{"line":317,"column":12},"end":{"line":320,"column":13},"skip":true},"79":{"start":{"line":318,"column":16},"end":{"line":318,"column":75},"skip":true},"80":{"start":{"line":319,"column":16},"end":{"line":319,"column":23},"skip":true},"81":{"start":{"line":321,"column":12},"end":{"line":321,"column":38},"skip":true},"82":{"start":{"line":322,"column":12},"end":{"line":322,"column":27},"skip":true},"83":{"start":{"line":324,"column":8},"end":{"line":324,"column":14},"skip":true}},"branchMap":{"1":{"line":39,"type":"binary-expr","locations":[{"start":{"line":39,"column":23},"end":{"line":39,"column":62}},{"start":{"line":40,"column":20},"end":{"line":40,"column":70}},{"start":{"line":41,"column":20},"end":{"line":41,"column":71}},{"start":{"line":42,"column":20},"end":{"line":42,"column":29}}]},"2":{"line":44,"type":"binary-expr","locations":[{"start":{"line":44,"column":23},"end":{"line":44,"column":37}},{"start":{"line":45,"column":20},"end":{"line":45,"column":61}},{"start":{"line":46,"column":20},"end":{"line":46,"column":70}},{"start":{"line":47,"column":20},"end":{"line":47,"column":26}}]},"3":{"line":51,"type":"cond-expr","locations":[{"start":{"line":52,"column":14},"end":{"line":52,"column":20}},{"start":{"line":53,"column":14},"end":{"line":53,"column":20}}]},"4":{"line":55,"type":"binary-expr","locations":[{"start":{"line":55,"column":16},"end":{"line":55,"column":44}},{"start":{"line":55,"column":49},"end":{"line":57,"column":43}}]},"5":{"line":55,"type":"cond-expr","locations":[{"start":{"line":56,"column":14},"end":{"line":56,"column":51}},{"start":{"line":57,"column":14},"end":{"line":57,"column":43}}]},"6":{"line":61,"type":"switch","locations":[{"start":{"line":68,"column":4},"end":{"line":150,"column":14},"skip":true},{"start":{"line":156,"column":4},"end":{"line":324,"column":14},"skip":true}]},"7":{"line":70,"type":"if","locations":[{"start":{"line":70,"column":12},"end":{"line":70,"column":12},"skip":true},{"start":{"line":70,"column":12},"end":{"line":70,"column":12},"skip":true}]},"8":{"line":70,"type":"binary-expr","locations":[{"start":{"line":70,"column":16},"end":{"line":70,"column":22},"skip":true},{"start":{"line":70,"column":27},"end":{"line":70,"column":32},"skip":true},{"start":{"line":71,"column":20},"end":{"line":71,"column":39},"skip":true},{"start":{"line":72,"column":20},"end":{"line":72,"column":49},"skip":true},{"start":{"line":73,"column":20},"end":{"line":73,"column":58},"skip":true},{"start":{"line":74,"column":20},"end":{"line":74,"column":69},"skip":true}]},"9":{"line":79,"type":"switch","locations":[{"start":{"line":80,"column":20},"end":{"line":80,"column":33},"skip":true},{"start":{"line":81,"column":20},"end":{"line":83,"column":30},"skip":true},{"start":{"line":84,"column":20},"end":{"line":85,"column":49},"skip":true}]},"10":{"line":89,"type":"switch","locations":[{"start":{"line":90,"column":12},"end":{"line":103,"column":22},"skip":true},{"start":{"line":105,"column":12},"end":{"line":106,"column":22},"skip":true}]},"11":{"line":89,"type":"binary-expr","locations":[{"start":{"line":89,"column":20},"end":{"line":89,"column":25},"skip":true},{"start":{"line":89,"column":29},"end":{"line":89,"column":48},"skip":true},{"start":{"line":89,"column":52},"end":{"line":89,"column":74},"skip":true}]},"12":{"line":92,"type":"if","locations":[{"start":{"line":92,"column":16},"end":{"line":92,"column":16},"skip":true},{"start":{"line":92,"column":16},"end":{"line":92,"column":16},"skip":true}]},"13":{"line":108,"type":"if","locations":[{"start":{"line":108,"column":12},"end":{"line":108,"column":12},"skip":true},{"start":{"line":108,"column":12},"end":{"line":108,"column":12},"skip":true}]},"14":{"line":108,"type":"binary-expr","locations":[{"start":{"line":108,"column":16},"end":{"line":108,"column":61},"skip":true},{"start":{"line":108,"column":66},"end":{"line":108,"column":72},"skip":true},{"start":{"line":108,"column":77},"end":{"line":108,"column":82},"skip":true},{"start":{"line":109,"column":20},"end":{"line":109,"column":39},"skip":true},{"start":{"line":110,"column":20},"end":{"line":110,"column":49},"skip":true},{"start":{"line":111,"column":20},"end":{"line":111,"column":58},"skip":true},{"start":{"line":112,"column":20},"end":{"line":112,"column":68},"skip":true}]},"15":{"line":129,"type":"if","locations":[{"start":{"line":129,"column":16},"end":{"line":129,"column":16},"skip":true},{"start":{"line":129,"column":16},"end":{"line":129,"column":16},"skip":true}]},"16":{"line":134,"type":"cond-expr","locations":[{"start":{"line":135,"column":26},"end":{"line":135,"column":29},"skip":true},{"start":{"line":136,"column":26},"end":{"line":136,"column":54},"skip":true}]},"17":{"line":164,"type":"binary-expr","locations":[{"start":{"line":164,"column":27},"end":{"line":164,"column":43},"skip":true},{"start":{"line":164,"column":47},"end":{"line":164,"column":49},"skip":true}]},"18":{"line":258,"type":"if","locations":[{"start":{"line":258,"column":8},"end":{"line":258,"column":8},"skip":true},{"start":{"line":258,"column":8},"end":{"line":258,"column":8},"skip":true}]},"19":{"line":275,"type":"switch","locations":[{"start":{"line":276,"column":20},"end":{"line":277,"column":64},"skip":true},{"start":{"line":278,"column":20},"end":{"line":279,"column":40},"skip":true},{"start":{"line":280,"column":20},"end":{"line":281,"column":40},"skip":true},{"start":{"line":282,"column":20},"end":{"line":283,"column":39},"skip":true}]},"20":{"line":288,"type":"if","locations":[{"start":{"line":288,"column":8},"end":{"line":288,"column":8},"skip":true},{"start":{"line":288,"column":8},"end":{"line":288,"column":8},"skip":true}]},"21":{"line":288,"type":"binary-expr","locations":[{"start":{"line":288,"column":12},"end":{"line":288,"column":40},"skip":true},{"start":{"line":288,"column":44},"end":{"line":288,"column":67},"skip":true}]},"22":{"line":292,"type":"binary-expr","locations":[{"start":{"line":292,"column":12},"end":{"line":292,"column":50},"skip":true},{"start":{"line":293,"column":12},"end":{"line":293,"column":53},"skip":true}]},"23":{"line":297,"type":"binary-expr","locations":[{"start":{"line":297,"column":12},"end":{"line":297,"column":65},"skip":true},{"start":{"line":298,"column":12},"end":{"line":301,"column":36},"skip":true}]},"24":{"line":303,"type":"binary-expr","locations":[{"start":{"line":303,"column":43},"end":{"line":303,"column":75},"skip":true},{"start":{"line":303,"column":79},"end":{"line":303,"column":81},"skip":true}]},"25":{"line":306,"type":"if","locations":[{"start":{"line":306,"column":8},"end":{"line":306,"column":8},"skip":true},{"start":{"line":306,"column":8},"end":{"line":306,"column":8},"skip":true}]},"26":{"line":310,"type":"if","locations":[{"start":{"line":310,"column":8},"end":{"line":310,"column":8},"skip":true},{"start":{"line":310,"column":8},"end":{"line":310,"column":8},"skip":true}]},"27":{"line":313,"type":"binary-expr","locations":[{"start":{"line":313,"column":27},"end":{"line":313,"column":43},"skip":true},{"start":{"line":313,"column":47},"end":{"line":313,"column":53},"skip":true}]},"28":{"line":317,"type":"if","locations":[{"start":{"line":317,"column":12},"end":{"line":317,"column":12},"skip":true},{"start":{"line":317,"column":12},"end":{"line":317,"column":12},"skip":true}]}},"code":["/*","example.js","","quickstart example","","instruction","    1. save this script as example.js","    2. run the shell command:","        $ npm install npmtest-inferno && PORT=8081 node example.js","    3. play with the browser-demo on http://127.0.0.1:8081","*/","","","","/* istanbul instrument in package npmtest_inferno */","/*jslint","    bitwise: true,","    browser: true,","    maxerr: 8,","    maxlen: 96,","    node: true,","    nomen: true,","    regexp: true,","    stupid: true","*/","(function () {","    'use strict';","    var local;","","","","    // run shared js-env code - pre-init","    (function () {","        // init local","        local = {};","        // init modeJs","        local.modeJs = (function () {","            try {","                return typeof navigator.userAgent === 'string' &&","                    typeof document.querySelector('body') === 'object' &&","                    typeof XMLHttpRequest.prototype.open === 'function' &&","                    'browser';","            } catch (errorCaughtBrowser) {","                return module.exports &&","                    typeof process.versions.node === 'string' &&","                    typeof require('http').createServer === 'function' &&","                    'node';","            }","        }());","        // init global","        local.global = local.modeJs === 'browser'","            ? window","            : global;","        // init utility2_rollup","        local = local.global.utility2_rollup || (local.modeJs === 'browser'","            ? local.global.utility2_npmtest_inferno","            : global.utility2_moduleExports);","        // export local","        local.global.local = local;","    }());","    switch (local.modeJs) {","","","","    // post-init","    // run browser js-env code - post-init","    /* istanbul ignore next */","    case 'browser':","        local.testRunBrowser = function (event) {","            if (!event || (event &&","                    event.currentTarget &&","                    event.currentTarget.className &&","                    event.currentTarget.className.includes &&","                    event.currentTarget.className.includes('onreset'))) {","                // reset output","                Array.from(","                    document.querySelectorAll('body > .resettable')","                ).forEach(function (element) {","                    switch (element.tagName) {","                    case 'INPUT':","                    case 'TEXTAREA':","                        element.value = '';","                        break;","                    default:","                        element.textContent = '';","                    }","                });","            }","            switch (event && event.currentTarget && event.currentTarget.id) {","            case 'testRunButton1':","                // show tests","                if (document.querySelector('#testReportDiv1').style.display === 'none') {","                    document.querySelector('#testReportDiv1').style.display = 'block';","                    document.querySelector('#testRunButton1').textContent =","                        'hide internal test';","                    local.modeTest = true;","                    local.testRunDefault(local);","                // hide tests","                } else {","                    document.querySelector('#testReportDiv1').style.display = 'none';","                    document.querySelector('#testRunButton1').textContent = 'run internal test';","                }","                break;","            // custom-case","            default:","                break;","            }","            if (document.querySelector('#inputTextareaEval1') && (!event || (event &&","                    event.currentTarget &&","                    event.currentTarget.className &&","                    event.currentTarget.className.includes &&","                    event.currentTarget.className.includes('oneval')))) {","                // try to eval input-code","                try {","                    /*jslint evil: true*/","                    eval(document.querySelector('#inputTextareaEval1').value);","                } catch (errorCaught) {","                    console.error(errorCaught);","                }","            }","        };","        // log stderr and stdout to #outputTextareaStdout1","        ['error', 'log'].forEach(function (key) {","            console[key + '_original'] = console[key];","            console[key] = function () {","                var element;","                console[key + '_original'].apply(console, arguments);","                element = document.querySelector('#outputTextareaStdout1');","                if (!element) {","                    return;","                }","                // append text to #outputTextareaStdout1","                element.value += Array.from(arguments).map(function (arg) {","                    return typeof arg === 'string'","                        ? arg","                        : JSON.stringify(arg, null, 4);","                }).join(' ') + '\\n';","                // scroll textarea to bottom","                element.scrollTop = element.scrollHeight;","            };","        });","        // init event-handling","        ['change', 'click', 'keyup'].forEach(function (event) {","            Array.from(document.querySelectorAll('.on' + event)).forEach(function (element) {","                element.addEventListener(event, local.testRunBrowser);","            });","        });","        // run tests","        local.testRunBrowser();","        break;","","","","    // run node js-env code - post-init","    /* istanbul ignore next */","    case 'node':","        // export local","        module.exports = local;","        // require modules","        local.fs = require('fs');","        local.http = require('http');","        local.url = require('url');","        // init assets","        local.assetsDict = local.assetsDict || {};","        /* jslint-ignore-begin */","        local.assetsDict['/assets.index.template.html'] = '\\","<!doctype html>\\n\\","<html lang=\"en\">\\n\\","<head>\\n\\","<meta charset=\"UTF-8\">\\n\\","<meta name=\"viewport\" content=\"width=device-width, initial-scale=1\">\\n\\","<title>{{env.npm_package_name}} (v{{env.npm_package_version}})</title>\\n\\","<style>\\n\\","/*csslint\\n\\","    box-sizing: false,\\n\\","    universal-selector: false\\n\\","*/\\n\\","* {\\n\\","    box-sizing: border-box;\\n\\","}\\n\\","body {\\n\\","    background: #dde;\\n\\","    font-family: Arial, Helvetica, sans-serif;\\n\\","    margin: 2rem;\\n\\","}\\n\\","body > * {\\n\\","    margin-bottom: 1rem;\\n\\","}\\n\\",".utility2FooterDiv {\\n\\","    margin-top: 20px;\\n\\","    text-align: center;\\n\\","}\\n\\","</style>\\n\\","<style>\\n\\","/*csslint\\n\\","*/\\n\\","textarea {\\n\\","    font-family: monospace;\\n\\","    height: 10rem;\\n\\","    width: 100%;\\n\\","}\\n\\","textarea[readonly] {\\n\\","    background: #ddd;\\n\\","}\\n\\","</style>\\n\\","</head>\\n\\","<body>\\n\\","<!-- utility2-comment\\n\\","<div id=\"ajaxProgressDiv1\" style=\"background: #d00; height: 2px; left: 0; margin: 0; padding: 0; position: fixed; top: 0; transition: background 0.5s, width 1.5s; width: 25%;\"></div>\\n\\","utility2-comment -->\\n\\","<h1>\\n\\","<!-- utility2-comment\\n\\","    <a\\n\\","        {{#if env.npm_package_homepage}}\\n\\","        href=\"{{env.npm_package_homepage}}\"\\n\\","        {{/if env.npm_package_homepage}}\\n\\","        target=\"_blank\"\\n\\","    >\\n\\","utility2-comment -->\\n\\","        {{env.npm_package_name}} (v{{env.npm_package_version}})\\n\\","<!-- utility2-comment\\n\\","    </a>\\n\\","utility2-comment -->\\n\\","</h1>\\n\\","<h3>{{env.npm_package_description}}</h3>\\n\\","<!-- utility2-comment\\n\\","<h4><a download href=\"assets.app.js\">download standalone app</a></h4>\\n\\","<button class=\"onclick onreset\" id=\"testRunButton1\">run internal test</button><br>\\n\\","<div id=\"testReportDiv1\" style=\"display: none;\"></div>\\n\\","utility2-comment -->\\n\\","\\n\\","\\n\\","\\n\\","<label>stderr and stdout</label>\\n\\","<textarea class=\"resettable\" id=\"outputTextareaStdout1\" readonly></textarea>\\n\\","<!-- utility2-comment\\n\\","{{#if isRollup}}\\n\\","<script src=\"assets.app.js\"></script>\\n\\","{{#unless isRollup}}\\n\\","utility2-comment -->\\n\\","<script src=\"assets.utility2.rollup.js\"></script>\\n\\","<script src=\"jsonp.utility2._stateInit?callback=window.utility2._stateInit\"></script>\\n\\","<script src=\"assets.npmtest_inferno.rollup.js\"></script>\\n\\","<script src=\"assets.example.js\"></script>\\n\\","<script src=\"assets.test.js\"></script>\\n\\","<!-- utility2-comment\\n\\","{{/if isRollup}}\\n\\","utility2-comment -->\\n\\","<div class=\"utility2FooterDiv\">\\n\\","    [ this app was created with\\n\\","    <a href=\"https://github.com/kaizhu256/node-utility2\" target=\"_blank\">utility2</a>\\n\\","    ]\\n\\","</div>\\n\\","</body>\\n\\","</html>\\n\\","';","        /* jslint-ignore-end */","        if (local.templateRender) {","            local.assetsDict['/'] = local.templateRender(","                local.assetsDict['/assets.index.template.html'],","                {","                    env: local.objectSetDefault(local.env, {","                        npm_package_description: 'the greatest app in the world!',","                        npm_package_name: 'my-app',","                        npm_package_nameAlias: 'my_app',","                        npm_package_version: '0.0.1'","                    })","                }","            );","        } else {","            local.assetsDict['/'] = local.assetsDict['/assets.index.template.html']","                .replace((/\\{\\{env\\.(\\w+?)\\}\\}/g), function (match0, match1) {","                    // jslint-hack","                    String(match0);","                    switch (match1) {","                    case 'npm_package_description':","                        return 'the greatest app in the world!';","                    case 'npm_package_name':","                        return 'my-app';","                    case 'npm_package_nameAlias':","                        return 'my_app';","                    case 'npm_package_version':","                        return '0.0.1';","                    }","                });","        }","        // run the cli","        if (local.global.utility2_rollup || module !== require.main) {","            break;","        }","        local.assetsDict['/assets.example.js'] =","            local.assetsDict['/assets.example.js'] ||","            local.fs.readFileSync(__filename, 'utf8');","        // bug-workaround - long $npm_package_buildCustomOrg","        /* jslint-ignore-begin */","        local.assetsDict['/assets.npmtest_inferno.rollup.js'] =","            local.assetsDict['/assets.npmtest_inferno.rollup.js'] ||","            local.fs.readFileSync(","                local.npmtest_inferno.__dirname + '/lib.npmtest_inferno.js',","                'utf8'","            ).replace((/^#!/), '//');","        /* jslint-ignore-end */","        local.assetsDict['/favicon.ico'] = local.assetsDict['/favicon.ico'] || '';","        // if $npm_config_timeout_exit exists,","        // then exit this process after $npm_config_timeout_exit ms","        if (Number(process.env.npm_config_timeout_exit)) {","            setTimeout(process.exit, Number(process.env.npm_config_timeout_exit));","        }","        // start server","        if (local.global.utility2_serverHttp1) {","            break;","        }","        process.env.PORT = process.env.PORT || '8081';","        console.error('server starting on port ' + process.env.PORT);","        local.http.createServer(function (request, response) {","            request.urlParsed = local.url.parse(request.url);","            if (local.assetsDict[request.urlParsed.pathname] !== undefined) {","                response.end(local.assetsDict[request.urlParsed.pathname]);","                return;","            }","            response.statusCode = 404;","            response.end();","        }).listen(process.env.PORT);","        break;","    }","}());",""],"l":{"26":2,"28":2,"33":2,"35":2,"37":2,"38":2,"39":2,"44":1,"51":2,"55":2,"59":2,"61":2,"69":1,"70":2,"76":2,"79":2,"82":2,"83":2,"85":1,"89":2,"92":1,"93":1,"94":1,"96":1,"97":1,"100":1,"101":1,"103":1,"106":1,"108":2,"114":1,"116":1,"118":1,"123":1,"124":2,"125":2,"126":3,"127":3,"128":3,"129":3,"130":1,"133":3,"134":3,"139":3,"143":1,"144":3,"145":1,"149":1,"150":1,"158":1,"160":1,"161":1,"162":1,"164":1,"166":1,"258":1,"259":1,"271":1,"274":6,"275":6,"277":1,"279":2,"281":1,"283":2,"288":1,"289":1,"291":1,"296":1,"303":1,"306":1,"307":1,"310":1,"311":1,"313":1,"314":1,"315":1,"316":1,"317":1,"318":1,"319":1,"321":1,"322":1,"324":1}},"/home/travis/build/npmtest/node-npmtest-inferno/node_modules/inferno/index.js":{"path":"/home/travis/build/npmtest/node-npmtest-inferno/node_modules/inferno/index.js","s":{"1":1,"2":1},"b":{},"f":{},"fnMap":{},"statementMap":{"1":{"start":{"line":1,"column":0},"end":{"line":1,"column":43}},"2":{"start":{"line":2,"column":0},"end":{"line":2,"column":40}}},"branchMap":{},"code":["module.exports = require('./dist').default;","module.exports.default = module.exports;","",""],"l":{"1":1,"2":1}},"/home/travis/build/npmtest/node-npmtest-inferno/node_modules/inferno/dist/index.js":{"path":"/home/travis/build/npmtest/node-npmtest-inferno/node_modules/inferno/dist/index.js","s":{"1":1,"2":1,"3":1,"4":1,"5":1,"6":1,"7":1,"8":1,"9":1,"10":1,"11":1,"12":1,"13":1,"14":1,"15":1,"16":1,"17":1,"18":1,"19":1,"20":1,"21":1,"22":1,"23":1,"24":1,"25":1,"26":1,"27":1,"28":0,"29":1,"30":1,"31":1},"b":{"1":[1,0],"2":[0,1],"3":[1,0]},"f":{"1":0},"fnMap":{"1":{"name":"testFn","line":28,"loc":{"start":{"line":28,"column":19},"end":{"line":28,"column":37}}}},"statementMap":{"1":{"start":{"line":2,"column":0},"end":{"line":2,"column":62}},"2":{"start":{"line":3,"column":0},"end":{"line":3,"column":49}},"3":{"start":{"line":4,"column":0},"end":{"line":4,"column":39}},"4":{"start":{"line":5,"column":0},"end":{"line":5,"column":54}},"5":{"start":{"line":6,"column":0},"end":{"line":6,"column":74}},"6":{"start":{"line":7,"column":0},"end":{"line":7,"column":55}},"7":{"start":{"line":8,"column":0},"end":{"line":8,"column":42}},"8":{"start":{"line":9,"column":0},"end":{"line":9,"column":36}},"9":{"start":{"line":10,"column":0},"end":{"line":10,"column":40}},"10":{"start":{"line":11,"column":0},"end":{"line":11,"column":41}},"11":{"start":{"line":12,"column":0},"end":{"line":12,"column":43}},"12":{"start":{"line":13,"column":0},"end":{"line":13,"column":45}},"13":{"start":{"line":14,"column":0},"end":{"line":14,"column":65}},"14":{"start":{"line":15,"column":0},"end":{"line":15,"column":52}},"15":{"start":{"line":16,"column":0},"end":{"line":16,"column":42}},"16":{"start":{"line":17,"column":0},"end":{"line":17,"column":43}},"17":{"start":{"line":18,"column":0},"end":{"line":18,"column":42}},"18":{"start":{"line":19,"column":0},"end":{"line":19,"column":45}},"19":{"start":{"line":20,"column":0},"end":{"line":20,"column":64}},"20":{"start":{"line":21,"column":0},"end":{"line":21,"column":52}},"21":{"start":{"line":22,"column":0},"end":{"line":22,"column":46}},"22":{"start":{"line":23,"column":0},"end":{"line":23,"column":36}},"23":{"start":{"line":24,"column":0},"end":{"line":24,"column":37}},"24":{"start":{"line":25,"column":0},"end":{"line":25,"column":38}},"25":{"start":{"line":26,"column":0},"end":{"line":35,"column":1}},"26":{"start":{"line":28,"column":4},"end":{"line":28,"column":41}},"27":{"start":{"line":29,"column":4},"end":{"line":34,"column":5}},"28":{"start":{"line":30,"column":8},"end":{"line":33,"column":59}},"29":{"start":{"line":36,"column":0},"end":{"line":36,"column":22}},"30":{"start":{"line":37,"column":0},"end":{"line":37,"column":26}},"31":{"start":{"line":39,"column":0},"end":{"line":59,"column":2}}},"branchMap":{"1":{"line":26,"type":"if","locations":[{"start":{"line":26,"column":0},"end":{"line":26,"column":0}},{"start":{"line":26,"column":0},"end":{"line":26,"column":0}}]},"2":{"line":29,"type":"if","locations":[{"start":{"line":29,"column":4},"end":{"line":29,"column":4}},{"start":{"line":29,"column":4},"end":{"line":29,"column":4}}]},"3":{"line":29,"type":"binary-expr","locations":[{"start":{"line":29,"column":9},"end":{"line":29,"column":22}},{"start":{"line":29,"column":26},"end":{"line":29,"column":45}}]}},"code":["\"use strict\";","Object.defineProperty(exports, \"__esModule\", { value: true });","var inferno_shared_1 = require(\"inferno-shared\");","exports.NO_OP = inferno_shared_1.NO_OP;","var normalization_1 = require(\"./core/normalization\");","exports.getFlagsForElementVnode = normalization_1.getFlagsForElementVnode;","exports.internal_normalize = normalization_1.normalize;","var options_1 = require(\"./core/options\");","exports.options = options_1.options;","var VNodes_1 = require(\"./core/VNodes\");","exports.cloneVNode = VNodes_1.cloneVNode;","exports.createVNode = VNodes_1.createVNode;","var constants_1 = require(\"./DOM/constants\");","exports.internal_isUnitlessNumber = constants_1.isUnitlessNumber;","var linkEvent_1 = require(\"./DOM/events/linkEvent\");","exports.linkEvent = linkEvent_1.linkEvent;","var patching_1 = require(\"./DOM/patching\");","exports.internal_patch = patching_1.patch;","var rendering_1 = require(\"./DOM/rendering\");","exports.internal_DOMNodeMap = rendering_1.componentToDOMNodeMap;","exports.createRenderer = rendering_1.createRenderer;","exports.findDOMNode = rendering_1.findDOMNode;","exports.render = rendering_1.render;","var utils_1 = require(\"./DOM/utils\");","exports.EMPTY_OBJ = utils_1.EMPTY_OBJ;","if (process.env.NODE_ENV !== 'production') {","    /* tslint:disable-next-line:no-empty */","    var testFunc = function testFn() { };","    if ((testFunc.name || testFunc.toString()).indexOf('testFn') === -1) {","        inferno_shared_1.warning(('It looks like you\\'re using a minified copy of the development build ' +","            'of Inferno. When deploying Inferno apps to production, make sure to use ' +","            'the production build which skips development warnings and is faster. ' +","            'See http://infernojs.org for more details.'));","    }","}","var version = '3.0.4';","exports.version = version;","// we duplicate it so it plays nicely with different module loading systems","exports.default = {","    getFlagsForElementVnode: normalization_1.getFlagsForElementVnode,","    linkEvent: linkEvent_1.linkEvent,","    // core shapes","    createVNode: VNodes_1.createVNode,","    // cloning","    cloneVNode: VNodes_1.cloneVNode,","    // used to shared common items between Inferno libs","    NO_OP: inferno_shared_1.NO_OP,","    EMPTY_OBJ: utils_1.EMPTY_OBJ,","    // DOM","    render: rendering_1.render,","    findDOMNode: rendering_1.findDOMNode,","    createRenderer: rendering_1.createRenderer,","    options: options_1.options,","    version: version,","    internal_patch: patching_1.patch,","    internal_DOMNodeMap: rendering_1.componentToDOMNodeMap,","    internal_isUnitlessNumber: constants_1.isUnitlessNumber,","    internal_normalize: normalization_1.normalize","};",""],"l":{"2":1,"3":1,"4":1,"5":1,"6":1,"7":1,"8":1,"9":1,"10":1,"11":1,"12":1,"13":1,"14":1,"15":1,"16":1,"17":1,"18":1,"19":1,"20":1,"21":1,"22":1,"23":1,"24":1,"25":1,"26":1,"28":1,"29":1,"30":0,"36":1,"37":1,"39":1}},"/home/travis/build/npmtest/node-npmtest-inferno/node_modules/inferno-shared/index.js":{"path":"/home/travis/build/npmtest/node-npmtest-inferno/node_modules/inferno-shared/index.js","s":{"1":1,"2":1},"b":{},"f":{},"fnMap":{},"statementMap":{"1":{"start":{"line":1,"column":0},"end":{"line":1,"column":35}},"2":{"start":{"line":2,"column":0},"end":{"line":2,"column":40}}},"branchMap":{},"code":["module.exports = require('./dist');","module.exports.default = module.exports;","",""],"l":{"1":1,"2":1}},"/home/travis/build/npmtest/node-npmtest-inferno/node_modules/inferno-shared/dist/index.js":{"path":"/home/travis/build/npmtest/node-npmtest-inferno/node_modules/inferno-shared/dist/index.js","s":{"1":1,"2":1,"3":1,"4":1,"5":1,"6":0,"7":1,"8":1,"9":1,"10":0,"11":1,"12":1,"13":0,"14":0,"15":1,"16":1,"17":0,"18":1,"19":1,"20":0,"21":1,"22":1,"23":0,"24":1,"25":1,"26":0,"27":1,"28":1,"29":0,"30":1,"31":1,"32":0,"33":1,"34":1,"35":0,"36":1,"37":1,"38":0,"39":1,"40":1,"41":0,"42":1,"43":1,"44":0,"45":0,"46":0,"47":1,"48":1,"49":0,"50":1,"51":1,"52":0,"53":0,"54":0,"55":0,"56":0,"57":0,"58":0,"59":0,"60":1,"61":1,"62":0,"63":1,"64":1,"65":0,"66":1,"67":0,"68":0,"69":0,"70":0},"b":{"1":[1,0],"2":[0,0],"3":[0,0],"4":[0,0],"5":[0,0],"6":[0,0],"7":[0,0,0,0],"8":[0,0],"9":[0,0],"10":[0,0]},"f":{"1":0,"2":0,"3":0,"4":0,"5":0,"6":0,"7":0,"8":0,"9":0,"10":0,"11":0,"12":0,"13":0,"14":0,"15":0,"16":0,"17":0,"18":0},"fnMap":{"1":{"name":"toArray","line":7,"loc":{"start":{"line":7,"column":0},"end":{"line":7,"column":27}}},"2":{"name":"isStatefulComponent","line":14,"loc":{"start":{"line":14,"column":0},"end":{"line":14,"column":32}}},"3":{"name":"isStringOrNumber","line":18,"loc":{"start":{"line":18,"column":0},"end":{"line":18,"column":29}}},"4":{"name":"isNullOrUndef","line":23,"loc":{"start":{"line":23,"column":0},"end":{"line":23,"column":26}}},"5":{"name":"isInvalid","line":27,"loc":{"start":{"line":27,"column":0},"end":{"line":27,"column":22}}},"6":{"name":"isFunction","line":31,"loc":{"start":{"line":31,"column":0},"end":{"line":31,"column":23}}},"7":{"name":"isString","line":35,"loc":{"start":{"line":35,"column":0},"end":{"line":35,"column":21}}},"8":{"name":"isNumber","line":39,"loc":{"start":{"line":39,"column":0},"end":{"line":39,"column":21}}},"9":{"name":"isNull","line":43,"loc":{"start":{"line":43,"column":0},"end":{"line":43,"column":19}}},"10":{"name":"isTrue","line":47,"loc":{"start":{"line":47,"column":0},"end":{"line":47,"column":19}}},"11":{"name":"isUndefined","line":51,"loc":{"start":{"line":51,"column":0},"end":{"line":51,"column":24}}},"12":{"name":"isObject","line":55,"loc":{"start":{"line":55,"column":0},"end":{"line":55,"column":21}}},"13":{"name":"throwError","line":59,"loc":{"start":{"line":59,"column":0},"end":{"line":59,"column":29}}},"14":{"name":"warning","line":66,"loc":{"start":{"line":66,"column":0},"end":{"line":66,"column":26}}},"15":{"name":"combineFrom","line":70,"loc":{"start":{"line":70,"column":0},"end":{"line":70,"column":36}}},"16":{"name":"Lifecycle","line":85,"loc":{"start":{"line":85,"column":0},"end":{"line":85,"column":21}}},"17":{"name":"addListener","line":89,"loc":{"start":{"line":89,"column":34},"end":{"line":89,"column":65}}},"18":{"name":"trigger","line":92,"loc":{"start":{"line":92,"column":30},"end":{"line":92,"column":49}}}},"statementMap":{"1":{"start":{"line":2,"column":0},"end":{"line":2,"column":62}},"2":{"start":{"line":3,"column":0},"end":{"line":3,"column":25}},"3":{"start":{"line":4,"column":0},"end":{"line":4,"column":105}},"4":{"start":{"line":6,"column":0},"end":{"line":6,"column":73}},"5":{"start":{"line":7,"column":0},"end":{"line":9,"column":1}},"6":{"start":{"line":8,"column":4},"end":{"line":8,"column":85}},"7":{"start":{"line":10,"column":0},"end":{"line":10,"column":26}},"8":{"start":{"line":13,"column":0},"end":{"line":13,"column":32}},"9":{"start":{"line":14,"column":0},"end":{"line":16,"column":1}},"10":{"start":{"line":15,"column":4},"end":{"line":15,"column":73}},"11":{"start":{"line":17,"column":0},"end":{"line":17,"column":50}},"12":{"start":{"line":18,"column":0},"end":{"line":21,"column":1}},"13":{"start":{"line":19,"column":4},"end":{"line":19,"column":24}},"14":{"start":{"line":20,"column":4},"end":{"line":20,"column":50}},"15":{"start":{"line":22,"column":0},"end":{"line":22,"column":44}},"16":{"start":{"line":23,"column":0},"end":{"line":25,"column":1}},"17":{"start":{"line":24,"column":4},"end":{"line":24,"column":39}},"18":{"start":{"line":26,"column":0},"end":{"line":26,"column":38}},"19":{"start":{"line":27,"column":0},"end":{"line":29,"column":1}},"20":{"start":{"line":28,"column":4},"end":{"line":28,"column":67}},"21":{"start":{"line":30,"column":0},"end":{"line":30,"column":30}},"22":{"start":{"line":31,"column":0},"end":{"line":33,"column":1}},"23":{"start":{"line":32,"column":4},"end":{"line":32,"column":35}},"24":{"start":{"line":34,"column":0},"end":{"line":34,"column":32}},"25":{"start":{"line":35,"column":0},"end":{"line":37,"column":1}},"26":{"start":{"line":36,"column":4},"end":{"line":36,"column":33}},"27":{"start":{"line":38,"column":0},"end":{"line":38,"column":28}},"28":{"start":{"line":39,"column":0},"end":{"line":41,"column":1}},"29":{"start":{"line":40,"column":4},"end":{"line":40,"column":33}},"30":{"start":{"line":42,"column":0},"end":{"line":42,"column":28}},"31":{"start":{"line":43,"column":0},"end":{"line":45,"column":1}},"32":{"start":{"line":44,"column":4},"end":{"line":44,"column":22}},"33":{"start":{"line":46,"column":0},"end":{"line":46,"column":24}},"34":{"start":{"line":47,"column":0},"end":{"line":49,"column":1}},"35":{"start":{"line":48,"column":4},"end":{"line":48,"column":22}},"36":{"start":{"line":50,"column":0},"end":{"line":50,"column":24}},"37":{"start":{"line":51,"column":0},"end":{"line":53,"column":1}},"38":{"start":{"line":52,"column":4},"end":{"line":52,"column":24}},"39":{"start":{"line":54,"column":0},"end":{"line":54,"column":34}},"40":{"start":{"line":55,"column":0},"end":{"line":57,"column":1}},"41":{"start":{"line":56,"column":4},"end":{"line":56,"column":33}},"42":{"start":{"line":58,"column":0},"end":{"line":58,"column":28}},"43":{"start":{"line":59,"column":0},"end":{"line":64,"column":1}},"44":{"start":{"line":60,"column":4},"end":{"line":62,"column":5}},"45":{"start":{"line":61,"column":8},"end":{"line":61,"column":36}},"46":{"start":{"line":63,"column":4},"end":{"line":63,"column":49}},"47":{"start":{"line":65,"column":0},"end":{"line":65,"column":32}},"48":{"start":{"line":66,"column":0},"end":{"line":68,"column":1}},"49":{"start":{"line":67,"column":4},"end":{"line":67,"column":26}},"50":{"start":{"line":69,"column":0},"end":{"line":69,"column":26}},"51":{"start":{"line":70,"column":0},"end":{"line":83,"column":1}},"52":{"start":{"line":71,"column":4},"end":{"line":71,"column":17}},"53":{"start":{"line":72,"column":4},"end":{"line":76,"column":5}},"54":{"start":{"line":73,"column":8},"end":{"line":75,"column":9}},"55":{"start":{"line":74,"column":12},"end":{"line":74,"column":34}},"56":{"start":{"line":77,"column":4},"end":{"line":81,"column":5}},"57":{"start":{"line":78,"column":8},"end":{"line":80,"column":9}},"58":{"start":{"line":79,"column":12},"end":{"line":79,"column":35}},"59":{"start":{"line":82,"column":4},"end":{"line":82,"column":15}},"60":{"start":{"line":84,"column":0},"end":{"line":84,"column":34}},"61":{"start":{"line":85,"column":0},"end":{"line":87,"column":1}},"62":{"start":{"line":86,"column":4},"end":{"line":86,"column":24}},"63":{"start":{"line":88,"column":0},"end":{"line":88,"column":30}},"64":{"start":{"line":89,"column":0},"end":{"line":91,"column":2}},"65":{"start":{"line":90,"column":4},"end":{"line":90,"column":34}},"66":{"start":{"line":92,"column":0},"end":{"line":99,"column":2}},"67":{"start":{"line":93,"column":4},"end":{"line":93,"column":35}},"68":{"start":{"line":94,"column":4},"end":{"line":94,"column":17}},"69":{"start":{"line":96,"column":4},"end":{"line":98,"column":5}},"70":{"start":{"line":97,"column":8},"end":{"line":97,"column":19}}},"branchMap":{"1":{"line":6,"type":"binary-expr","locations":[{"start":{"line":6,"column":23},"end":{"line":6,"column":52}},{"start":{"line":6,"column":56},"end":{"line":6,"column":71}}]},"2":{"line":8,"type":"cond-expr","locations":[{"start":{"line":8,"column":39},"end":{"line":8,"column":47}},{"start":{"line":8,"column":51},"end":{"line":8,"column":83}}]},"3":{"line":8,"type":"cond-expr","locations":[{"start":{"line":8,"column":62},"end":{"line":8,"column":72}},{"start":{"line":8,"column":75},"end":{"line":8,"column":83}}]},"4":{"line":15,"type":"binary-expr","locations":[{"start":{"line":15,"column":11},"end":{"line":15,"column":36}},{"start":{"line":15,"column":40},"end":{"line":15,"column":72}}]},"5":{"line":20,"type":"binary-expr","locations":[{"start":{"line":20,"column":11},"end":{"line":20,"column":28}},{"start":{"line":20,"column":32},"end":{"line":20,"column":49}}]},"6":{"line":24,"type":"binary-expr","locations":[{"start":{"line":24,"column":11},"end":{"line":24,"column":25}},{"start":{"line":24,"column":29},"end":{"line":24,"column":38}}]},"7":{"line":28,"type":"binary-expr","locations":[{"start":{"line":28,"column":11},"end":{"line":28,"column":20}},{"start":{"line":28,"column":24},"end":{"line":28,"column":35}},{"start":{"line":28,"column":39},"end":{"line":28,"column":48}},{"start":{"line":28,"column":52},"end":{"line":28,"column":66}}]},"8":{"line":60,"type":"if","locations":[{"start":{"line":60,"column":4},"end":{"line":60,"column":4}},{"start":{"line":60,"column":4},"end":{"line":60,"column":4}}]},"9":{"line":72,"type":"if","locations":[{"start":{"line":72,"column":4},"end":{"line":72,"column":4}},{"start":{"line":72,"column":4},"end":{"line":72,"column":4}}]},"10":{"line":77,"type":"if","locations":[{"start":{"line":77,"column":4},"end":{"line":77,"column":4}},{"start":{"line":77,"column":4},"end":{"line":77,"column":4}}]}},"code":["\"use strict\";","Object.defineProperty(exports, \"__esModule\", { value: true });","exports.NO_OP = '$NO_OP';","exports.ERROR_MSG = 'a runtime error occured! Use Inferno in development environment to find the error.';","// This should be boolean and not reference to window.document","exports.isBrowser = !!(typeof window !== 'undefined' && window.document);","function toArray(children) {","    return exports.isArray(children) ? children : (children ? [children] : children);","}","exports.toArray = toArray;","// this is MUCH faster than .constructor === Array and instanceof Array","// in Node 7 and the later versions of V8, slower in older versions though","exports.isArray = Array.isArray;","function isStatefulComponent(o) {","    return !isUndefined(o.prototype) && !isUndefined(o.prototype.render);","}","exports.isStatefulComponent = isStatefulComponent;","function isStringOrNumber(o) {","    var type = typeof o;","    return type === 'string' || type === 'number';","}","exports.isStringOrNumber = isStringOrNumber;","function isNullOrUndef(o) {","    return isUndefined(o) || isNull(o);","}","exports.isNullOrUndef = isNullOrUndef;","function isInvalid(o) {","    return isNull(o) || o === false || isTrue(o) || isUndefined(o);","}","exports.isInvalid = isInvalid;","function isFunction(o) {","    return typeof o === 'function';","}","exports.isFunction = isFunction;","function isString(o) {","    return typeof o === 'string';","}","exports.isString = isString;","function isNumber(o) {","    return typeof o === 'number';","}","exports.isNumber = isNumber;","function isNull(o) {","    return o === null;","}","exports.isNull = isNull;","function isTrue(o) {","    return o === true;","}","exports.isTrue = isTrue;","function isUndefined(o) {","    return o === void 0;","}","exports.isUndefined = isUndefined;","function isObject(o) {","    return typeof o === 'object';","}","exports.isObject = isObject;","function throwError(message) {","    if (!message) {","        message = exports.ERROR_MSG;","    }","    throw new Error(\"Inferno Error: \" + message);","}","exports.throwError = throwError;","function warning(message) {","    console.warn(message);","}","exports.warning = warning;","function combineFrom(first, second) {","    var out = {};","    if (first) {","        for (var key in first) {","            out[key] = first[key];","        }","    }","    if (second) {","        for (var key in second) {","            out[key] = second[key];","        }","    }","    return out;","}","exports.combineFrom = combineFrom;","function Lifecycle() {","    this.listeners = [];","}","exports.Lifecycle = Lifecycle;","Lifecycle.prototype.addListener = function addListener(callback) {","    this.listeners.push(callback);","};","Lifecycle.prototype.trigger = function trigger() {","    var listeners = this.listeners;","    var listener;","    // We need to remove current listener from array when calling it, because more listeners might be added","    while (listener = listeners.shift()) {","        listener();","    }","};",""],"l":{"2":1,"3":1,"4":1,"6":1,"7":1,"8":0,"10":1,"13":1,"14":1,"15":0,"17":1,"18":1,"19":0,"20":0,"22":1,"23":1,"24":0,"26":1,"27":1,"28":0,"30":1,"31":1,"32":0,"34":1,"35":1,"36":0,"38":1,"39":1,"40":0,"42":1,"43":1,"44":0,"46":1,"47":1,"48":0,"50":1,"51":1,"52":0,"54":1,"55":1,"56":0,"58":1,"59":1,"60":0,"61":0,"63":0,"65":1,"66":1,"67":0,"69":1,"70":1,"71":0,"72":0,"73":0,"74":0,"77":0,"78":0,"79":0,"82":0,"84":1,"85":1,"86":0,"88":1,"89":1,"90":0,"92":1,"93":0,"94":0,"96":0,"97":0}},"/home/travis/build/npmtest/node-npmtest-inferno/node_modules/inferno/dist/core/normalization.js":{"path":"/home/travis/build/npmtest/node-npmtest-inferno/node_modules/inferno/dist/core/normalization.js","s":{"1":1,"2":1,"3":1,"4":1,"5":0,"6":0,"7":1,"8":0,"9":0,"10":0,"11":0,"12":0,"13":1,"14":0,"15":0,"16":1,"17":0,"18":0,"19":0,"20":0,"21":0,"22":0,"23":0,"24":0,"25":0,"26":0,"27":0,"28":0,"29":0,"30":0,"31":1,"32":0,"33":0,"34":0,"35":0,"36":0,"37":0,"38":0,"39":0,"40":0,"41":0,"42":0,"43":0,"44":0,"45":0,"46":0,"47":0,"48":0,"49":0,"50":0,"51":0,"52":0,"53":1,"54":1,"55":0,"56":0,"57":0,"58":0,"59":0,"60":1,"61":0,"62":0,"63":0,"64":0,"65":0,"66":0,"67":0,"68":0,"69":0,"70":0,"71":0,"72":0,"73":1,"74":0,"75":0,"76":0,"77":0,"78":0,"79":0,"80":0,"81":0,"82":0,"83":0,"84":0,"85":1,"86":1,"87":0,"88":0,"89":0,"90":0,"91":0,"92":0,"93":0,"94":0,"95":0,"96":0,"97":0,"98":0,"99":0,"100":0,"101":0,"102":0,"103":0,"104":0,"105":0,"106":0,"107":0,"108":0,"109":0,"110":0,"111":0,"112":0,"113":0,"114":0,"115":0,"116":0,"117":0,"118":0,"119":0,"120":1},"b":{"1":[0,0],"2":[0,0],"3":[0,0],"4":[0,0],"5":[0,0],"6":[0,0],"7":[0,0],"8":[0,0,0,0],"9":[0,0],"10":[0,0],"11":[0,0],"12":[0,0],"13":[0,0],"14":[0,0],"15":[0,0],"16":[0,0],"17":[0,0],"18":[0,0,0,0],"19":[0,0],"20":[0,0],"21":[0,0],"22":[0,0],"23":[0,0],"24":[0,0],"25":[0,0],"26":[0,0],"27":[0,0],"28":[0,0],"29":[0,0],"30":[0,0],"31":[0,0],"32":[0,0],"33":[0,0],"34":[0,0],"35":[0,0],"36":[0,0],"37":[0,0],"38":[0,0],"39":[0,0],"40":[0,0],"41":[0,0],"42":[0,0],"43":[0,0],"44":[0,0],"45":[0,0],"46":[0,0],"47":[0,0],"48":[0,0],"49":[0,0]},"f":{"1":0,"2":0,"3":0,"4":0,"5":0,"6":0,"7":0,"8":0,"9":0,"10":0,"11":0,"12":0},"fnMap":{"1":{"name":"applyKey","line":5,"loc":{"start":{"line":5,"column":0},"end":{"line":5,"column":30}}},"2":{"name":"applyKeyIfMissing","line":9,"loc":{"start":{"line":9,"column":0},"end":{"line":9,"column":39}}},"3":{"name":"applyKeyPrefix","line":18,"loc":{"start":{"line":18,"column":0},"end":{"line":18,"column":36}}},"4":{"name":"_normalizeVNodes","line":22,"loc":{"start":{"line":22,"column":0},"end":{"line":22,"column":60}}},"5":{"name":"normalizeVNodes","line":48,"loc":{"start":{"line":48,"column":0},"end":{"line":48,"column":32}}},"6":{"name":"normalizeChildren","line":87,"loc":{"start":{"line":87,"column":0},"end":{"line":87,"column":37}}},"7":{"name":"normalizeProps","line":96,"loc":{"start":{"line":96,"column":0},"end":{"line":96,"column":48}}},"8":{"name":"getFlagsForElementVnode","line":115,"loc":{"start":{"line":115,"column":0},"end":{"line":115,"column":39}}},"9":{"name":"normalize","line":134,"loc":{"start":{"line":134,"column":0},"end":{"line":134,"column":26}}},"10":{"name":"(anonymous_10)","line":175,"loc":{"start":{"line":175,"column":25},"end":{"line":175,"column":43}}},"11":{"name":"(anonymous_11)","line":176,"loc":{"start":{"line":176,"column":39},"end":{"line":176,"column":56}}},"12":{"name":"(anonymous_12)","line":179,"loc":{"start":{"line":179,"column":27},"end":{"line":179,"column":48}}}},"statementMap":{"1":{"start":{"line":2,"column":0},"end":{"line":2,"column":62}},"2":{"start":{"line":3,"column":0},"end":{"line":3,"column":49}},"3":{"start":{"line":4,"column":0},"end":{"line":4,"column":35}},"4":{"start":{"line":5,"column":0},"end":{"line":8,"column":1}},"5":{"start":{"line":6,"column":4},"end":{"line":6,"column":20}},"6":{"start":{"line":7,"column":4},"end":{"line":7,"column":17}},"7":{"start":{"line":9,"column":0},"end":{"line":17,"column":1}},"8":{"start":{"line":10,"column":4},"end":{"line":12,"column":5}},"9":{"start":{"line":11,"column":8},"end":{"line":11,"column":24}},"10":{"start":{"line":13,"column":4},"end":{"line":15,"column":5}},"11":{"start":{"line":14,"column":8},"end":{"line":14,"column":36}},"12":{"start":{"line":16,"column":4},"end":{"line":16,"column":17}},"13":{"start":{"line":18,"column":0},"end":{"line":21,"column":1}},"14":{"start":{"line":19,"column":4},"end":{"line":19,"column":32}},"15":{"start":{"line":20,"column":4},"end":{"line":20,"column":17}},"16":{"start":{"line":22,"column":0},"end":{"line":47,"column":1}},"17":{"start":{"line":23,"column":4},"end":{"line":46,"column":5}},"18":{"start":{"line":24,"column":8},"end":{"line":24,"column":29}},"19":{"start":{"line":25,"column":8},"end":{"line":25,"column":43}},"20":{"start":{"line":26,"column":8},"end":{"line":45,"column":9}},"21":{"start":{"line":27,"column":12},"end":{"line":44,"column":13}},"22":{"start":{"line":28,"column":16},"end":{"line":28,"column":52}},"23":{"start":{"line":31,"column":16},"end":{"line":36,"column":17}},"24":{"start":{"line":32,"column":20},"end":{"line":32,"column":58}},"25":{"start":{"line":34,"column":21},"end":{"line":36,"column":17}},"26":{"start":{"line":35,"column":20},"end":{"line":35,"column":48}},"27":{"start":{"line":37,"column":16},"end":{"line":42,"column":17}},"28":{"start":{"line":38,"column":20},"end":{"line":38,"column":41}},"29":{"start":{"line":41,"column":20},"end":{"line":41,"column":54}},"30":{"start":{"line":43,"column":16},"end":{"line":43,"column":31}},"31":{"start":{"line":48,"column":0},"end":{"line":85,"column":1}},"32":{"start":{"line":49,"column":4},"end":{"line":49,"column":17}},"33":{"start":{"line":54,"column":4},"end":{"line":59,"column":5}},"34":{"start":{"line":55,"column":8},"end":{"line":55,"column":30}},"35":{"start":{"line":58,"column":8},"end":{"line":58,"column":26}},"36":{"start":{"line":61,"column":4},"end":{"line":83,"column":5}},"37":{"start":{"line":62,"column":8},"end":{"line":62,"column":25}},"38":{"start":{"line":63,"column":8},"end":{"line":82,"column":9}},"39":{"start":{"line":64,"column":12},"end":{"line":64,"column":57}},"40":{"start":{"line":65,"column":12},"end":{"line":65,"column":51}},"41":{"start":{"line":66,"column":12},"end":{"line":66,"column":26}},"42":{"start":{"line":68,"column":13},"end":{"line":82,"column":9}},"43":{"start":{"line":69,"column":12},"end":{"line":71,"column":13}},"44":{"start":{"line":70,"column":16},"end":{"line":70,"column":45}},"45":{"start":{"line":72,"column":12},"end":{"line":72,"column":83}},"46":{"start":{"line":74,"column":13},"end":{"line":82,"column":9}},"47":{"start":{"line":75,"column":12},"end":{"line":77,"column":13}},"48":{"start":{"line":76,"column":16},"end":{"line":76,"column":45}},"49":{"start":{"line":78,"column":12},"end":{"line":78,"column":73}},"50":{"start":{"line":80,"column":13},"end":{"line":82,"column":9}},"51":{"start":{"line":81,"column":12},"end":{"line":81,"column":73}},"52":{"start":{"line":84,"column":4},"end":{"line":84,"column":29}},"53":{"start":{"line":86,"column":0},"end":{"line":86,"column":42}},"54":{"start":{"line":87,"column":0},"end":{"line":95,"column":1}},"55":{"start":{"line":88,"column":4},"end":{"line":93,"column":5}},"56":{"start":{"line":89,"column":8},"end":{"line":89,"column":41}},"57":{"start":{"line":91,"column":9},"end":{"line":93,"column":5}},"58":{"start":{"line":92,"column":8},"end":{"line":92,"column":46}},"59":{"start":{"line":94,"column":4},"end":{"line":94,"column":20}},"60":{"start":{"line":96,"column":0},"end":{"line":114,"column":1}},"61":{"start":{"line":97,"column":4},"end":{"line":105,"column":5}},"62":{"start":{"line":98,"column":8},"end":{"line":100,"column":9}},"63":{"start":{"line":99,"column":12},"end":{"line":99,"column":44}},"64":{"start":{"line":101,"column":8},"end":{"line":104,"column":9}},"65":{"start":{"line":102,"column":12},"end":{"line":102,"column":46}},"66":{"start":{"line":103,"column":12},"end":{"line":103,"column":35}},"67":{"start":{"line":106,"column":4},"end":{"line":109,"column":5}},"68":{"start":{"line":107,"column":8},"end":{"line":107,"column":30}},"69":{"start":{"line":108,"column":8},"end":{"line":108,"column":25}},"70":{"start":{"line":110,"column":4},"end":{"line":113,"column":5}},"71":{"start":{"line":111,"column":8},"end":{"line":111,"column":30}},"72":{"start":{"line":112,"column":8},"end":{"line":112,"column":25}},"73":{"start":{"line":115,"column":0},"end":{"line":132,"column":1}},"74":{"start":{"line":116,"column":4},"end":{"line":130,"column":5}},"75":{"start":{"line":117,"column":8},"end":{"line":117,"column":36}},"76":{"start":{"line":119,"column":9},"end":{"line":130,"column":5}},"77":{"start":{"line":120,"column":8},"end":{"line":120,"column":38}},"78":{"start":{"line":122,"column":9},"end":{"line":130,"column":5}},"79":{"start":{"line":123,"column":8},"end":{"line":123,"column":40}},"80":{"start":{"line":125,"column":9},"end":{"line":130,"column":5}},"81":{"start":{"line":126,"column":8},"end":{"line":126,"column":42}},"82":{"start":{"line":128,"column":9},"end":{"line":130,"column":5}},"83":{"start":{"line":129,"column":8},"end":{"line":129,"column":38}},"84":{"start":{"line":131,"column":4},"end":{"line":131,"column":31}},"85":{"start":{"line":133,"column":0},"end":{"line":133,"column":58}},"86":{"start":{"line":134,"column":0},"end":{"line":191,"column":1}},"87":{"start":{"line":135,"column":4},"end":{"line":135,"column":28}},"88":{"start":{"line":136,"column":4},"end":{"line":136,"column":34}},"89":{"start":{"line":139,"column":4},"end":{"line":162,"column":5}},"90":{"start":{"line":141,"column":8},"end":{"line":141,"column":30}},"91":{"start":{"line":142,"column":8},"end":{"line":142,"column":45}},"92":{"start":{"line":143,"column":8},"end":{"line":154,"column":9}},"93":{"start":{"line":144,"column":12},"end":{"line":153,"column":13}},"94":{"start":{"line":145,"column":16},"end":{"line":145,"column":51}},"95":{"start":{"line":148,"column":16},"end":{"line":152,"column":17}},"96":{"start":{"line":149,"column":20},"end":{"line":151,"column":21}},"97":{"start":{"line":150,"column":24},"end":{"line":150,"column":57}},"98":{"start":{"line":155,"column":8},"end":{"line":161,"column":9}},"99":{"start":{"line":156,"column":12},"end":{"line":156,"column":56}},"100":{"sta
[...]
{"line":124,"column":8},"end":{"line":124,"column":8}}]}},"code":["\"use strict\";","Object.defineProperty(exports, \"__esModule\", { value: true });","var inferno_shared_1 = require(\"inferno-shared\");","var options_1 = require(\"../core/options\");","var patching_1 = require(\"./patching\");","var recycling_1 = require(\"./recycling\");","var rendering_1 = require(\"./rendering\");","var utils_1 = require(\"./utils\");","function unmount(vNode, parentDom, lifecycle, canRecycle, isRecycling) {","    var flags = vNode.flags;","    if (flags & 28 /* Component */) {","        unmountComponent(vNode, parentDom, lifecycle, canRecycle, isRecycling);","    }","    else if (flags & 3970 /* Element */) {","        unmountElement(vNode, parentDom, lifecycle, canRecycle, isRecycling);","    }","    else if (flags & (1 /* Text */ | 4096 /* Void */)) {","        unmountVoidOrText(vNode, parentDom);","    }","}","exports.unmount = unmount;","function unmountVoidOrText(vNode, parentDom) {","    if (!inferno_shared_1.isNull(parentDom)) {","        utils_1.removeChild(parentDom, vNode.dom);","    }","}","function unmountComponent(vNode, parentDom, lifecycle, canRecycle, isRecycling) {","    var instance = vNode.children;","    var flags = vNode.flags;","    var isStatefulComponent = flags & 4 /* ComponentClass */;","    var ref = vNode.ref;","    var dom = vNode.dom;","    if (!isRecycling) {","        if (isStatefulComponent) {","            if (!instance._unmounted) {","                instance._blockSetState = true;","                if (!inferno_shared_1.isNull(options_1.options.beforeUnmount)) {","                    options_1.options.beforeUnmount(vNode);","                }","                if (!inferno_shared_1.isUndefined(instance.componentWillUnmount)) {","                    instance.componentWillUnmount();","                }","                if (ref && !isRecycling) {","                    ref(null);","                }","                instance._unmounted = true;","                if (options_1.options.findDOMNodeEnabled) {","                    rendering_1.componentToDOMNodeMap.delete(instance);","                }","                unmount(instance._lastInput, null, instance._lifecycle, false, isRecycling);","            }","        }","        else {","            if (!inferno_shared_1.isNullOrUndef(ref)) {","                if (!inferno_shared_1.isNullOrUndef(ref.onComponentWillUnmount)) {","                    ref.onComponentWillUnmount(dom);","                }","            }","            unmount(instance, null, lifecycle, false, isRecycling);","        }","    }","    if (parentDom) {","        var lastInput = instance._lastInput;","        if (inferno_shared_1.isNullOrUndef(lastInput)) {","            lastInput = instance;","        }","        utils_1.removeChild(parentDom, dom);","    }","    if (options_1.options.recyclingEnabled && !isStatefulComponent && (parentDom || canRecycle)) {","        recycling_1.poolComponent(vNode);","    }","}","exports.unmountComponent = unmountComponent;","function unmountElement(vNode, parentDom, lifecycle, canRecycle, isRecycling) {","    var dom = vNode.dom;","    var ref = vNode.ref;","    var props = vNode.props;","    if (ref && !isRecycling) {","        unmountRef(ref);","    }","    var children = vNode.children;","    if (!inferno_shared_1.isNullOrUndef(children)) {","        unmountChildren(children, lifecycle, isRecycling);","    }","    if (!inferno_shared_1.isNull(props)) {","        for (var name_1 in props) {","            // do not add a hasOwnProperty check here, it affects performance","            if (props[name_1] !== null && patching_1.isAttrAnEvent(name_1)) {","                patching_1.patchEvent(name_1, props[name_1], null, dom);","                // We need to set this null, because same props otherwise come back if SCU returns false and we are recyling","                props[name_1] = null;","            }","        }","    }","    if (!inferno_shared_1.isNull(parentDom)) {","        utils_1.removeChild(parentDom, dom);","    }","    if (options_1.options.recyclingEnabled && (parentDom || canRecycle)) {","        recycling_1.poolElement(vNode);","    }","}","exports.unmountElement = unmountElement;","function unmountChildren(children, lifecycle, isRecycling) {","    if (inferno_shared_1.isArray(children)) {","        for (var i = 0, len = children.length; i < len; i++) {","            var child = children[i];","            if (!inferno_shared_1.isInvalid(child) && inferno_shared_1.isObject(child)) {","                unmount(child, null, lifecycle, false, isRecycling);","            }","        }","    }","    else if (inferno_shared_1.isObject(children)) {","        unmount(children, null, lifecycle, false, isRecycling);","    }","}","function unmountRef(ref) {","    if (inferno_shared_1.isFunction(ref)) {","        ref(null);","    }","    else {","        if (inferno_shared_1.isInvalid(ref)) {","            return;","        }","        if (process.env.NODE_ENV !== 'production') {","            inferno_shared_1.throwError('string \"refs\" are not supported in Inferno 1.0. Use callback \"refs\" instead.');","        }","        inferno_shared_1.throwError();","    }","}",""],"l":{"2":1,"3":1,"4":1,"5":1,"6":1,"7":1,"8":1,"9":1,"10":0,"11":0,"12":0,"14":0,"15":0,"17":0,"18":0,"21":1,"22":1,"23":0,"24":0,"27":1,"28":0,"29":0,"30":0,"31":0,"32":0,"33":0,"34":0,"35":0,"36":0,"37":0,"38":0,"40":0,"41":0,"43":0,"44":0,"46":0,"47":0,"48":0,"50":0,"54":0,"55":0,"56":0,"59":0,"62":0,"63":0,"64":0,"65":0,"67":0,"69":0,"70":0,"73":1,"74":1,"75":0,"76":0,"77":0,"78":0,"79":0,"81":0,"82":0,"83":0,"85":0,"86":0,"88":0,"89":0,"91":0,"95":0,"96":0,"98":0,"99":0,"102":1,"103":1,"104":0,"105":0,"106":0,"107":0,"108":0,"112":0,"113":0,"116":1,"117":0,"118":0,"121":0,"122":0,"124":0,"125":0,"127":0}},"/home/travis/build/npmtest/node-npmtest-inferno/node_modules/inferno/dist/DOM/recycling.js":{"path":"/home/travis/build/npmtest/node-npmtest-inferno/node_modules/inferno/dist/DOM/recycling.js","s":{"1":1,"2":1,"3":1,"4":1,"5":1,"6":1,"7":0,"8":0,"9":0,"10":0,"11":0,"12":0,"13":0,"14":0,"15":0,"16":0,"17":0,"18":1,"19":1,"20":0,"21":0,"22":0,"23":0,"24":0,"25":0,"26":0,"27":0,"28":0,"29":0,"30":0,"31":0,"32":0,"33":1,"34":1,"35":0,"36":0,"37":0,"38":0,"39":0,"40":0,"41":0,"42":0,"43":0,"44":0,"45":0,"46":0,"47":0,"48":1,"49":1,"50":0,"51":0,"52":0,"53":0,"54":0,"55":0,"56":0,"57":0,"58":0,"59":0,"60":0,"61":0,"62":0,"63":0,"64":0,"65":0,"66":0,"67":1},"b":{"1":[0,0],"2":[0,0],"3":[0,0],"4":[0,0],"5":[0,0],"6":[0,0],"7":[0,0],"8":[0,0],"9":[0,0],"10":[0,0],"11":[0,0],"12":[0,0],"13":[0,0,0,0,0,0],"14":[0,0],"15":[0,0],"16":[0,0],"17":[0,0]},"f":{"1":0,"2":0,"3":0,"4":0},"fnMap":{"1":{"name":"recycleElement","line":7,"loc":{"start":{"line":7,"column":0},"end":{"line":7,"column":58}}},"2":{"name":"poolElement","line":24,"loc":{"start":{"line":24,"column":0},"end":{"line":24,"column":28}}},"3":{"name":"recycleComponent","line":48,"loc":{"start":{"line":48,"column":0},"end":{"line":48,"column":60}}},"4":{"name":"poolComponent","line":68,"loc":{"start":{"line":68,"column":0},"end":{"line":68,"column":30}}}},"statementMap":{"1":{"start":{"line":2,"column":0},"end":{"line":2,"column":62}},"2":{"start":{"line":3,"column":0},"end":{"line":3,"column":49}},"3":{"start":{"line":4,"column":0},"end":{"line":4,"column":39}},"4":{"start":{"line":5,"column":0},"end":{"line":5,"column":31}},"5":{"start":{"line":6,"column":0},"end":{"line":6,"column":29}},"6":{"start":{"line":7,"column":0},"end":{"line":22,"column":1}},"7":{"start":{"line":8,"column":4},"end":{"line":8,"column":25}},"8":{"start":{"line":9,"column":4},"end":{"line":9,"column":38}},"9":{"start":{"line":10,"column":4},"end":{"line":20,"column":5}},"10":{"start":{"line":11,"column":8},"end":{"line":11,"column":28}},"11":{"start":{"line":12,"column":8},"end":{"line":12,"column":72}},"12":{"start":{"line":13,"column":8},"end":{"line":19,"column":9}},"13":{"start":{"line":14,"column":12},"end":{"line":14,"column":43}},"14":{"start":{"line":15,"column":12},"end":{"line":18,"column":13}},"15":{"start":{"line":16,"column":16},"end":{"line":16,"column":101}},"16":{"start":{"line":17,"column":16},"end":{"line":17,"column":33}},"17":{"start":{"line":21,"column":4},"end":{"line":21,"column":16}},"18":{"start":{"line":23,"column":0},"end":{"line":23,"column":40}},"19":{"start":{"line":24,"column":0},"end":{"line":46,"column":1}},"20":{"start":{"line":25,"column":4},"end":{"line":25,"column":25}},"21":{"start":{"line":26,"column":4},"end":{"line":26,"column":24}},"22":{"start":{"line":27,"column":4},"end":{"line":27,"column":38}},"23":{"start":{"line":28,"column":4},"end":{"line":34,"column":5}},"24":{"start":{"line":29,"column":8},"end":{"line":32,"column":10}},"25":{"start":{"line":33,"column":8},"end":{"line":33,"column":37}},"26":{"start":{"line":35,"column":4},"end":{"line":45,"column":5}},"27":{"start":{"line":36,"column":8},"end":{"line":36,"column":35}},"28":{"start":{"line":39,"column":8},"end":{"line":39,"column":40}},"29":{"start":{"line":40,"column":8},"end":{"line":43,"column":9}},"30":{"start":{"line":41,"column":12},"end":{"line":41,"column":22}},"31":{"start":{"line":42,"column":12},"end":{"line":42,"column":39}},"32":{"start":{"line":44,"column":8},"end":{"line":44,"column":25}},"33":{"start":{"line":47,"column":0},"end":{"line":47,"column":34}},"34":{"start":{"line":48,"column":0},"end":{"line":66,"column":1}},"35":{"start":{"line":49,"column":4},"end":{"line":49,"column":26}},"36":{"start":{"line":50,"column":4},"end":{"line":50,"column":41}},"37":{"start":{"line":51,"column":4},"end":{"line":64,"column":5}},"38":{"start":{"line":52,"column":8},"end":{"line":52,"column":28}},"39":{"start":{"line":53,"column":8},"end":{"line":53,"column":72}},"40":{"start":{"line":54,"column":8},"end":{"line":63,"column":9}},"41":{"start":{"line":55,"column":12},"end":{"line":55,"column":43}},"42":{"start":{"line":56,"column":12},"end":{"line":62,"column":13}},"43":{"start":{"line":57,"column":16},"end":{"line":57,"column":40}},"44":{"start":{"line":58,"column":16},"end":{"line":58,"column":148}},"45":{"start":{"line":59,"column":16},"end":{"line":61,"column":17}},"46":{"start":{"line":60,"column":20},"end":{"line":60,"column":37}},"47":{"start":{"line":65,"column":4},"end":{"line":65,"column":16}},"48":{"start":{"line":67,"column":0},"end":{"line":67,"column":44}},"49":{"start":{"line":68,"column":0},"end":{"line":99,"column":1}},"50":{"start":{"line":69,"column":4},"end":{"line":69,"column":26}},"51":{"start":{"line":70,"column":4},"end":{"line":74,"column":36}},"52":{"start":{"line":75,"column":4},"end":{"line":77,"column":5}},"53":{"start":{"line":76,"column":8},"end":{"line":76,"column":15}},"54":{"start":{"line":78,"column":4},"end":{"line":78,"column":26}},"55":{"start":{"line":79,"column":4},"end":{"line":79,"column":24}},"56":{"start":{"line":80,"column":4},"end":{"line":80,"column":41}},"57":{"start":{"line":81,"column":4},"end":{"line":87,"column":5}},"58":{"start":{"line":82,"column":8},"end":{"line":85,"column":10}},"59":{"start":{"line":86,"column":8},"end":{"line":86,"column":40}},"60":{"start":{"line":88,"column":4},"end":{"line":98,"column":5}},"61":{"start":{"line":89,"column":8},"end":{"line":89,"column":35}},"62":{"start":{"line":92,"column":8},"end":{"line":92,"column":40}},"63":{"start":{"line":93,"column":8},"end":{"line":96,"column":9}},"64":{"start":{"line":94,"column":12},"end":{"line":94,"column":22}},"65":{"start":{"line":95,"column":12},"end":{"line":95,"column":39}},"66":{"start":{"line":97,"column":8},"end":{"line":97,"column":25}},"67":{"start":{"line":100,"column":0},"end":{"line":100,"column":38}}},"branchMap":{"1":{"line":10,"type":"if","locations":[{"start":{"line":10,"column":4},"end":{"line":10,"column":4}},{"start":{"line":10,"column":4},"end":{"line":10,"column":4}}]},"2":{"line":12,"type":"cond-expr","locations":[{"start":{"line":12,"column":34},"end":{"line":12,"column":48}},{"start":{"line":12,"column":51},"end":{"line":12,"column":71}}]},"3":{"line":13,"type":"if","locations":[{"start":{"line":13,"column":8},"end":{"line":13,"column":8}},{"start":{"line":13,"column":8},"end":{"line":13,"column":8}}]},"4":{"line":15,"type":"if","locations":[{"start":{"line":15,"column":12},"end":{"line":15,"column":12}},{"start":{"line":15,"column":12},"end":{"line":15,"column":12}}]},"5":{"line":28,"type":"if","locations":[{"start":{"line":28,"column":4},"end":{"line":28,"column":4}},{"start":{"line":28,"column":4},"end":{"line":28,"column":4}}]},"6":{"line":35,"type":"if","locations":[{"start":{"line":35,"column":4},"end":{"line":35,"column":4}},{"start":{"line":35,"column":4},"end":{"line":35,"column":4}}]},"7":{"line":40,"type":"if","locations":[{"start":{"line":40,"column":8},"end":{"line":40,"column":8}},{"start":{"line":40,"column":8},"end":{"line":40,"column":8}}]},"8":{"line":51,"type":"if","locations":[{"start":{"line":51,"column":4},"end":{"line":51,"column":4}},{"start":{"line":51,"column":4},"end":{"line":51,"column":4}}]},"9":{"line":53,"type":"cond-expr","locations":[{"start":{"line":53,"column":34},"end":{"line":53,"column":48}},{"start":{"line":53,"column":51},"end":{"line":53,"column":71}}]},"10":{"line":54,"type":"if","locations":[{"start":{"line":54,"column":8},"end":{"line":54,"column":8}},{"start":{"line":54,"column":8},"end":{"line":54,"column":8}}]},"11":{"line":56,"type":"if","locations":[{"start":{"line":56,"column":12},"end":{"line":56,"column":12}},{"start":{"line":56,"column":12},"end":{"line":56,"column":12}}]},"12":{"line":59,"type":"if","locations":[{"start":{"line":59,"column":16},"end":{"line":59,"column":16}},{"start":{"line":59,"column":16},"end":{"line":59,"column":16}}]},"13":{"line":70,"type":"binary-expr","locations":[{"start":{"line":70,"column":26},"end":{"line":70,"column":31}},{"start":{"line":70,"column":36},"end":{"line":70,"column":62}},{"start":{"line":71,"column":8},"end":{"line":71,"column":36}},{"start":{"line":72,"column":8},"end":{"line":72,"column":33}},{"start":{"line":73,"column":8},"end":{"line":73,"column":35}},{"start":{"line":74,"column":8},"end":{"line":74,"column":34}}]},"14":{"line":75,"type":"if","locations":[{"start":{"line":75,"column":4},"end":{"line":75,"column":4}},{"start":{"line":75,"column":4},"end":{"line":75,"column":4}}]},"15":{"line":81,"type":"if","locations":[{"start":{"line":81,"column":4},"end":{"line":81,"column":4}},{"start":{"line":81,"column":4},"end":{"line":81,"column":4}}]},"16":{"line":88,"type":"if","locations":[{"start":{"line":88,"column":4},"end":{"line":88,"column":4}},{"start":{"line":88,"column":4},"end":{"line":88,"column":4}}]},"17":{"line":93,"type":"if","locations":[{"start":{"line":93,"column":8},"end":{"line":93,"column":8}},{"start":{"line":93,"column":8},"end":{"line":93,"column":8}}]}},"code":["\"use strict\";","Object.defineProperty(exports, \"__esModule\", { value: true });","var inferno_shared_1 = require(\"inferno-shared\");","var patching_1 = require(\"./patching\");","var componentPools = new Map();","var elementPools = new Map();","function recycleElement(vNode, lifecycle, context, isSVG) {","    var tag = vNode.type;","    var pools = elementPools.get(tag);","    if (!inferno_shared_1.isUndefined(pools)) {","        var key = vNode.key;","        var pool = key === null ? pools.nonKeyed : pools.keyed.get(key);","        if (!inferno_shared_1.isUndefined(pool)) {","            var recycledVNode = pool.pop();","            if (!inferno_shared_1.isUndefined(recycledVNode)) {","                patching_1.patchElement(recycledVNode, vNode, null, lifecycle, context, isSVG, true);","                return vNode.dom;","            }","        }","    }","    return null;","}","exports.recycleElement = recycleElement;","function poolElement(vNode) {","    var tag = vNode.type;","    var key = vNode.key;","    var pools = elementPools.get(tag);","    if (inferno_shared_1.isUndefined(pools)) {","        pools = {","            keyed: new Map(),","            nonKeyed: []","        };","        elementPools.set(tag, pools);","    }","    if (inferno_shared_1.isNull(key)) {","        pools.nonKeyed.push(vNode);","    }","    else {","        var pool = pools.keyed.get(key);","        if (inferno_shared_1.isUndefined(pool)) {","            pool = [];","            pools.keyed.set(key, pool);","        }","        pool.push(vNode);","    }","}","exports.poolElement = poolElement;","function recycleComponent(vNode, lifecycle, context, isSVG) {","    var type = vNode.type;","    var pools = componentPools.get(type);","    if (!inferno_shared_1.isUndefined(pools)) {","        var key = vNode.key;","        var pool = key === null ? pools.nonKeyed : pools.keyed.get(key);","        if (!inferno_shared_1.isUndefined(pool)) {","            var recycledVNode = pool.pop();","            if (!inferno_shared_1.isUndefined(recycledVNode)) {","                var flags = vNode.flags;","                var failed = patching_1.patchComponent(recycledVNode, vNode, null, lifecycle, context, isSVG, flags & 4 /* ComponentClass */, true);","                if (!failed) {","                    return vNode.dom;","                }","            }","        }","    }","    return null;","}","exports.recycleComponent = recycleComponent;","function poolComponent(vNode) {","    var hooks = vNode.ref;","    var nonRecycleHooks = hooks && (hooks.onComponentWillMount ||","        hooks.onComponentWillUnmount ||","        hooks.onComponentDidMount ||","        hooks.onComponentWillUpdate ||","        hooks.onComponentDidUpdate);","    if (nonRecycleHooks) {","        return;","    }","    var type = vNode.type;","    var key = vNode.key;","    var pools = componentPools.get(type);","    if (inferno_shared_1.isUndefined(pools)) {","        pools = {","            keyed: new Map(),","            nonKeyed: []","        };","        componentPools.set(type, pools);","    }","    if (inferno_shared_1.isNull(key)) {","        pools.nonKeyed.push(vNode);","    }","    else {","        var pool = pools.keyed.get(key);","        if (inferno_shared_1.isUndefined(pool)) {","            pool = [];","            pools.keyed.set(key, pool);","        }","        pool.push(vNode);","    }","}","exports.poolComponent = poolComponent;",""],"l":{"2":1,"3":1,"4":1,"5":1,"6":1,"7":1,"8":0,"9":0,"10":0,"11":0,"12":0,"13":0,"14":0,"15":0,"16":0,"17":0,"21":0,"23":1,"24":1,"25":0,"26":0,"27":0,"28":0,"29":0,"33":0,"35":0,"36":0,"39":0,"40":0,"41":0,"42":0,"44":0,"47":1,"48":1,"49":0,"50":0,"51":0,"52":0,"53":0,"54":0,"55":0,"56":0,"57":0,"58":0,"59":0,"60":0,"65":0,"67":1,"68":1,"69":0,"70":0,"75":0,"76":0,"78":0,"79":0,"80":0,"81":0,"82":0,"86":0,"88":0,"89":0,"92":0,"93":0,"94":0,"95":0,"97":0,"100":1}},"/home/travis/build/npmtest/node-npmtest-inferno/node_modules/inferno/dist/DOM/events/linkEvent.js":{"path":"/home/travis/build/npmtest/node-npmtest-inferno/node_modules/inferno/dist/DOM/events/linkEvent.js","s":{"1":1,"2":1,"3":0,"4":1},"b":{},"f":{"1":0},"fnMap":{"1":{"name":"linkEvent","line":9,"loc":{"start":{"line":9,"column":0},"end":{"line":9,"column":32}}}},"statementMap":{"1":{"start":{"line":2,"column":0},"end":{"line":2,"column":62}},"2":{"start":{"line":9,"column":0},"end":{"line":11,"column":1}},"3":{"start":{"line":10,"column":4},"end":{"line":10,"column":40}},"4":{"start":{"line":12,"column":0},"end":{"line":12,"column":30}}},"branchMap":{},"code":["\"use strict\";","Object.defineProperty(exports, \"__esModule\", { value: true });","/**"," * Links given data to event as first parameter"," * @param {*} data data to be linked, it will be available in function as first parameter"," * @param {Function} event Function to be called when event occurs"," * @returns {{data: *, event: Function}}"," */","function linkEvent(data, event) {","    return { data: data, event: event };","}","exports.linkEvent = linkEvent;",""],"l":{"2":1,"9":1,"10":0,"12":1}}}